INFO [necromancy.lua:127] Parsing command line arguments...
INFO [necromancy.lua:130] Parsing configuration file...
INFO [necromancy.lua:138] Initializing GUI...
INFO [application.lua:43] <application: necromancy>: init ..
INFO [/home/linuxbrew/.linuxbrew/share/lua/5.3/ltui/view.lua:442] <panel(necromancy) [0, 0, 93, 26]>: mark as resize
INFO [application.lua:49] <application: necromancy>: init ok
INFO [/home/linuxbrew/.linuxbrew/share/lua/5.3/ltui/view.lua:442] <panel(window.body) [1, 1, 92, 25]>: mark as resize
INFO [/home/linuxbrew/.linuxbrew/share/lua/5.3/ltui/view.lua:442] <panel(window.frame) [0, 0, 91, 24]>: mark as resize
INFO [/home/linuxbrew/.linuxbrew/share/lua/5.3/ltui/view.lua:442] <view(window.border) [0, 0, 91, 24]>: mark as resize
INFO [/home/linuxbrew/.linuxbrew/share/lua/5.3/ltui/view.lua:442] <view(window.title) [0, 0, 11, 1]>: mark as resize
INFO [/home/linuxbrew/.linuxbrew/share/lua/5.3/ltui/view.lua:442] <panel(window.panel) [0, 0, 91, 24]>: mark as resize
INFO [necromancy.lua:71] updating current directory path!
INFO [/home/linuxbrew/.linuxbrew/share/lua/5.3/ltui/view.lua:442] <panel(necromancy.itembrowser) [1, 1, 91, 24]>: mark as resize
INFO [/home/linuxbrew/.linuxbrew/share/lua/5.3/ltui/view.lua:442] <view(choicebox.value.1) [0, 0, 90, 1]>: mark as resize
INFO [/home/linuxbrew/.linuxbrew/share/lua/5.3/ltui/view.lua:442] <view(choicebox.value.2) [0, 1, 90, 2]>: mark as resize
INFO [/home/linuxbrew/.linuxbrew/share/lua/5.3/ltui/view.lua:442] <view(choicebox.value.3) [0, 2, 90, 3]>: mark as resize
INFO [/home/linuxbrew/.linuxbrew/share/lua/5.3/ltui/view.lua:442] <view(choicebox.value.4) [0, 3, 90, 4]>: mark as resize
INFO [/home/linuxbrew/.linuxbrew/share/lua/5.3/ltui/view.lua:442] <view(choicebox.value.5) [0, 4, 90, 5]>: mark as resize
INFO [/home/linuxbrew/.linuxbrew/share/lua/5.3/ltui/view.lua:442] <view(choicebox.value.6) [0, 5, 90, 6]>: mark as resize
INFO [/home/linuxbrew/.linuxbrew/share/lua/5.3/ltui/view.lua:442] <view(choicebox.value.7) [0, 6, 90, 7]>: mark as resize
INFO [/home/linuxbrew/.linuxbrew/share/lua/5.3/ltui/view.lua:442] <view(choicebox.value.8) [0, 7, 90, 8]>: mark as resize
INFO [/home/linuxbrew/.linuxbrew/share/lua/5.3/ltui/view.lua:442] <view(choicebox.value.9) [0, 8, 90, 9]>: mark as resize
INFO [/home/linuxbrew/.linuxbrew/share/lua/5.3/ltui/view.lua:442] <view(choicebox.value.10) [0, 9, 90, 10]>: mark as resize
INFO [/home/linuxbrew/.linuxbrew/share/lua/5.3/ltui/view.lua:442] <view(choicebox.value.11) [0, 10, 90, 11]>: mark as resize
INFO [/home/linuxbrew/.linuxbrew/share/lua/5.3/ltui/view.lua:442] <view(choicebox.value.12) [0, 11, 90, 12]>: mark as resize
INFO [/home/linuxbrew/.linuxbrew/share/lua/5.3/ltui/view.lua:442] <view(choicebox.value.13) [0, 12, 90, 13]>: mark as resize
INFO [/home/linuxbrew/.linuxbrew/share/lua/5.3/ltui/view.lua:442] <view(choicebox.value.14) [0, 13, 90, 14]>: mark as resize
INFO [/home/linuxbrew/.linuxbrew/share/lua/5.3/ltui/view.lua:442] <view(choicebox.value.15) [0, 14, 90, 15]>: mark as resize
INFO [/home/linuxbrew/.linuxbrew/share/lua/5.3/ltui/view.lua:442] <view(choicebox.value.16) [0, 15, 90, 16]>: mark as resize
INFO [necromancy.lua:163] Recieved event: { nil = table: 0x93b270, nil = function: 0x918700, nil = 5, nil = function: 0x918520,}
INFO [necromancy.lua:157] Performing resize..
INFO [/home/linuxbrew/.linuxbrew/share/lua/5.3/ltui/view.lua:442] <panel(menubar) [0, 0, 93, 1]>: mark as resize
INFO [/home/linuxbrew/.linuxbrew/share/lua/5.3/ltui/view.lua:442] <view(menubar.title) [0, 0, 93, 1]>: mark as resize
INFO [/home/linuxbrew/.linuxbrew/share/lua/5.3/ltui/view.lua:442] <panel(desktop) [0, 1, 93, 25]>: mark as resize
INFO [/home/linuxbrew/.linuxbrew/share/lua/5.3/ltui/view.lua:442] <panel(statusbar) [0, 25, 93, 26]>: mark as resize
INFO [/home/linuxbrew/.linuxbrew/share/lua/5.3/ltui/view.lua:442] <view(statusbar.info) [0, 0, 93, 1]>: mark as resize
INFO [/home/linuxbrew/.linuxbrew/share/lua/5.3/ltui/view.lua:227] <panel(necromancy) [0, 0, 93, 26]>: resize ..
INFO [/home/linuxbrew/.linuxbrew/share/lua/5.3/ltui/view.lua:227] <panel(window.body) [1, 1, 92, 25]>: resize ..
INFO [/home/linuxbrew/.linuxbrew/share/lua/5.3/ltui/view.lua:227] <panel(window.frame) [0, 0, 91, 24]>: resize ..
INFO [/home/linuxbrew/.linuxbrew/share/lua/5.3/ltui/view.lua:227] <view(window.border) [0, 0, 91, 24]>: resize ..
INFO [/home/linuxbrew/.linuxbrew/share/lua/5.3/ltui/view.lua:227] <view(window.title) [26, 0, 65, 1]>: resize ..
INFO [/home/linuxbrew/.linuxbrew/share/lua/5.3/ltui/view.lua:227] <panel(window.panel) [1, 1, 90, 23]>: resize ..
INFO [/home/linuxbrew/.linuxbrew/share/lua/5.3/ltui/view.lua:227] <panel(necromancy.itembrowser) [1, 1, 91, 24]>: resize ..
INFO [/home/linuxbrew/.linuxbrew/share/lua/5.3/ltui/view.lua:227] <view(choicebox.value.1) [0, 0, 90, 1]>: resize ..
INFO [/home/linuxbrew/.linuxbrew/share/lua/5.3/ltui/view.lua:227] <view(choicebox.value.2) [0, 1, 90, 2]>: resize ..
INFO [/home/linuxbrew/.linuxbrew/share/lua/5.3/ltui/view.lua:227] <view(choicebox.value.3) [0, 2, 90, 3]>: resize ..
INFO [/home/linuxbrew/.linuxbrew/share/lua/5.3/ltui/view.lua:227] <view(choicebox.value.4) [0, 3, 90, 4]>: resize ..
INFO [/home/linuxbrew/.linuxbrew/share/lua/5.3/ltui/view.lua:227] <view(choicebox.value.5) [0, 4, 90, 5]>: resize ..
INFO [/home/linuxbrew/.linuxbrew/share/lua/5.3/ltui/view.lua:227] <view(choicebox.value.6) [0, 5, 90, 6]>: resize ..
INFO [/home/linuxbrew/.linuxbrew/share/lua/5.3/ltui/view.lua:227] <view(choicebox.value.7) [0, 6, 90, 7]>: resize ..
INFO [/home/linuxbrew/.linuxbrew/share/lua/5.3/ltui/view.lua:227] <view(choicebox.value.8) [0, 7, 90, 8]>: resize ..
INFO [/home/linuxbrew/.linuxbrew/share/lua/5.3/ltui/view.lua:227] <view(choicebox.value.9) [0, 8, 90, 9]>: resize ..
INFO [/home/linuxbrew/.linuxbrew/share/lua/5.3/ltui/view.lua:227] <view(choicebox.value.10) [0, 9, 90, 10]>: resize ..
INFO [/home/linuxbrew/.linuxbrew/share/lua/5.3/ltui/view.lua:227] <view(choicebox.value.11) [0, 10, 90, 11]>: resize ..
INFO [/home/linuxbrew/.linuxbrew/share/lua/5.3/ltui/view.lua:227] <view(choicebox.value.12) [0, 11, 90, 12]>: resize ..
INFO [/home/linuxbrew/.linuxbrew/share/lua/5.3/ltui/view.lua:227] <view(choicebox.value.13) [0, 12, 90, 13]>: resize ..
INFO [/home/linuxbrew/.linuxbrew/share/lua/5.3/ltui/view.lua:227] <view(choicebox.value.14) [0, 13, 90, 14]>: resize ..
INFO [/home/linuxbrew/.linuxbrew/share/lua/5.3/ltui/view.lua:227] <view(choicebox.value.15) [0, 14, 90, 15]>: resize ..
INFO [/home/linuxbrew/.linuxbrew/share/lua/5.3/ltui/view.lua:227] <view(choicebox.value.16) [0, 15, 90, 16]>: resize ..
INFO [/home/linuxbrew/.linuxbrew/share/lua/5.3/ltui/view.lua:184] <panel(necromancy) [0, 0, 93, 26]>: draw (transparent: nil) ..
INFO [/home/linuxbrew/.linuxbrew/share/lua/5.3/ltui/view.lua:184] <panel(window.body) [1, 1, 92, 25]>: draw (transparent: nil) ..
INFO [/home/linuxbrew/.linuxbrew/share/lua/5.3/ltui/view.lua:184] <panel(window.frame) [0, 0, 91, 24]>: draw (transparent: nil) ..
INFO [/home/linuxbrew/.linuxbrew/share/lua/5.3/ltui/view.lua:184] <view(window.border) [0, 0, 91, 24]>: draw (transparent: true) ..
INFO [/home/linuxbrew/.linuxbrew/share/lua/5.3/ltui/view.lua:184] <view(window.title) [26, 0, 65, 1]>: draw (transparent: nil) ..
INFO [/home/linuxbrew/.linuxbrew/share/lua/5.3/ltui/view.lua:184] <panel(window.panel) [1, 1, 90, 23]>: draw (transparent: nil) ..
INFO [/home/linuxbrew/.linuxbrew/share/lua/5.3/ltui/view.lua:184] <panel(necromancy.itembrowser) [1, 1, 91, 24]>: draw (transparent: nil) ..
INFO [/home/linuxbrew/.linuxbrew/share/lua/5.3/ltui/view.lua:184] <view(choicebox.value.1) [0, 0, 90, 1]>: draw (transparent: nil) ..
INFO [/home/linuxbrew/.linuxbrew/share/lua/5.3/ltui/view.lua:184] <view(choicebox.value.2) [0, 1, 90, 2]>: draw (transparent: nil) ..
INFO [/home/linuxbrew/.linuxbrew/share/lua/5.3/ltui/view.lua:184] <view(choicebox.value.3) [0, 2, 90, 3]>: draw (transparent: nil) ..
INFO [/home/linuxbrew/.linuxbrew/share/lua/5.3/ltui/view.lua:184] <view(choicebox.value.4) [0, 3, 90, 4]>: draw (transparent: nil) ..
INFO [/home/linuxbrew/.linuxbrew/share/lua/5.3/ltui/view.lua:184] <view(choicebox.value.5) [0, 4, 90, 5]>: draw (transparent: nil) ..
INFO [/home/linuxbrew/.linuxbrew/share/lua/5.3/ltui/view.lua:184] <view(choicebox.value.6) [0, 5, 90, 6]>: draw (transparent: nil) ..
INFO [/home/linuxbrew/.linuxbrew/share/lua/5.3/ltui/view.lua:184] <view(choicebox.value.7) [0, 6, 90, 7]>: draw (transparent: nil) ..
INFO [/home/linuxbrew/.linuxbrew/share/lua/5.3/ltui/view.lua:184] <view(choicebox.value.8) [0, 7, 90, 8]>: draw (transparent: nil) ..
INFO [/home/linuxbrew/.linuxbrew/share/lua/5.3/ltui/view.lua:184] <view(choicebox.value.9) [0, 8, 90, 9]>: draw (transparent: nil) ..
INFO [/home/linuxbrew/.linuxbrew/share/lua/5.3/ltui/view.lua:184] <view(choicebox.value.10) [0, 9, 90, 10]>: draw (transparent: nil) ..
INFO [/home/linuxbrew/.linuxbrew/share/lua/5.3/ltui/view.lua:184] <view(choicebox.value.11) [0, 10, 90, 11]>: draw (transparent: nil) ..
INFO [/home/linuxbrew/.linuxbrew/share/lua/5.3/ltui/view.lua:184] <view(choicebox.value.12) [0, 11, 90, 12]>: draw (transparent: nil) ..
INFO [/home/linuxbrew/.linuxbrew/share/lua/5.3/ltui/view.lua:184] <view(choicebox.value.13) [0, 12, 90, 13]>: draw (transparent: nil) ..
INFO [/home/linuxbrew/.linuxbrew/share/lua/5.3/ltui/view.lua:184] <view(choicebox.value.14) [0, 13, 90, 14]>: draw (transparent: nil) ..
INFO [/home/linuxbrew/.linuxbrew/share/lua/5.3/ltui/view.lua:184] <view(choicebox.value.15) [0, 14, 90, 15]>: draw (transparent: nil) ..
INFO [/home/linuxbrew/.linuxbrew/share/lua/5.3/ltui/view.lua:184] <view(choicebox.value.16) [0, 15, 90, 16]>: draw (transparent: nil) ..
INFO [/home/linuxbrew/.linuxbrew/share/lua/5.3/ltui/view.lua:215] <view(window.border) [0, 0, 91, 24]>: refresh to window.frame(0, 0, 91, 24) ..
INFO [/home/linuxbrew/.linuxbrew/share/lua/5.3/ltui/view.lua:215] <view(window.title) [26, 0, 65, 1]>: refresh to window.frame(26, 0, 65, 1) ..
INFO [/home/linuxbrew/.linuxbrew/share/lua/5.3/ltui/view.lua:215] <view(choicebox.value.1) [0, 0, 90, 1]>: refresh to necromancy.itembrowser(0, 0, 90, 1) ..
INFO [/home/linuxbrew/.linuxbrew/share/lua/5.3/ltui/view.lua:215] <view(choicebox.value.2) [0, 1, 90, 2]>: refresh to necromancy.itembrowser(0, 1, 90, 2) ..
INFO [/home/linuxbrew/.linuxbrew/share/lua/5.3/ltui/view.lua:215] <view(choicebox.value.3) [0, 2, 90, 3]>: refresh to necromancy.itembrowser(0, 2, 90, 3) ..
INFO [/home/linuxbrew/.linuxbrew/share/lua/5.3/ltui/view.lua:215] <view(choicebox.value.4) [0, 3, 90, 4]>: refresh to necromancy.itembrowser(0, 3, 90, 4) ..
INFO [/home/linuxbrew/.linuxbrew/share/lua/5.3/ltui/view.lua:215] <view(choicebox.value.5) [0, 4, 90, 5]>: refresh to necromancy.itembrowser(0, 4, 90, 5) ..
INFO [/home/linuxbrew/.linuxbrew/share/lua/5.3/ltui/view.lua:215] <view(choicebox.value.6) [0, 5, 90, 6]>: refresh to necromancy.itembrowser(0, 5, 90, 6) ..
INFO [/home/linuxbrew/.linuxbrew/share/lua/5.3/ltui/view.lua:215] <view(choicebox.value.7) [0, 6, 90, 7]>: refresh to necromancy.itembrowser(0, 6, 90, 7) ..
INFO [/home/linuxbrew/.linuxbrew/share/lua/5.3/ltui/view.lua:215] <view(choicebox.value.8) [0, 7, 90, 8]>: refresh to necromancy.itembrowser(0, 7, 90, 8) ..
INFO [/home/linuxbrew/.linuxbrew/share/lua/5.3/ltui/view.lua:215] <view(choicebox.value.9) [0, 8, 90, 9]>: refresh to necromancy.itembrowser(0, 8, 90, 9) ..
INFO [/home/linuxbrew/.linuxbrew/share/lua/5.3/ltui/view.lua:215] <view(choicebox.value.10) [0, 9, 90, 10]>: refresh to necromancy.itembrowser(0, 9, 90, 10) ..
INFO [/home/linuxbrew/.linuxbrew/share/lua/5.3/ltui/view.lua:215] <view(choicebox.value.11) [0, 10, 90, 11]>: refresh to necromancy.itembrowser(0, 10, 90, 11) ..
INFO [/home/linuxbrew/.linuxbrew/share/lua/5.3/ltui/view.lua:215] <view(choicebox.value.12) [0, 11, 90, 12]>: refresh to necromancy.itembrowser(0, 11, 90, 12) ..
INFO [/home/linuxbrew/.linuxbrew/share/lua/5.3/ltui/view.lua:215] <view(choicebox.value.13) [0, 12, 90, 13]>: refresh to necromancy.itembrowser(0, 12, 90, 13) ..
INFO [/home/linuxbrew/.linuxbrew/share/lua/5.3/ltui/view.lua:215] <view(choicebox.value.14) [0, 13, 90, 14]>: refresh to necromancy.itembrowser(0, 13, 90, 14) ..
INFO [/home/linuxbrew/.linuxbrew/share/lua/5.3/ltui/view.lua:215] <view(choicebox.value.15) [0, 14, 90, 15]>: refresh to necromancy.itembrowser(0, 14, 90, 15) ..
INFO [/home/linuxbrew/.linuxbrew/share/lua/5.3/ltui/view.lua:215] <view(choicebox.value.16) [0, 15, 90, 16]>: refresh to necromancy.itembrowser(0, 15, 90, 16) ..
INFO [/home/linuxbrew/.linuxbrew/share/lua/5.3/ltui/view.lua:215] <panel(necromancy.itembrowser) [1, 1, 91, 24]>: refresh to window.panel(1, 1, 89, 22) ..
INFO [/home/linuxbrew/.linuxbrew/share/lua/5.3/ltui/view.lua:215] <panel(window.panel) [1, 1, 90, 23]>: refresh to window.frame(1, 1, 90, 23) ..
INFO [/home/linuxbrew/.linuxbrew/share/lua/5.3/ltui/view.lua:215] <panel(window.frame) [0, 0, 91, 24]>: refresh to window.body(0, 0, 91, 24) ..
INFO [/home/linuxbrew/.linuxbrew/share/lua/5.3/ltui/view.lua:215] <panel(window.body) [1, 1, 92, 25]>: refresh to necromancy(1, 1, 92, 25) ..
INFO [/home/linuxbrew/.linuxbrew/share/lua/5.3/ltui/program.lua:273] <panel(necromancy) [0, 0, 93, 26]>: refresh ..
INFO [/home/linuxbrew/.linuxbrew/share/lua/5.3/ltui/program.lua:479] cursor(<view(choicebox.value.1) [0, 0, 90, 1]>): (3, 3), 1
INFO [necromancy.lua:163] Recieved event: { nil = table: 0x93b270, nil = function: 0x918700, nil = 5, nil = function: 0x918520,}
INFO [necromancy.lua:163] Recieved event: { nil = table: 0x93b270, nil = function: 0x918700, nil = 5, nil = function: 0x918520,}
INFO [necromancy.lua:163] Recieved event: { nil = table: 0x93b270, nil = function: 0x918700, nil = 5, nil = function: 0x918520,}
INFO [necromancy.lua:163] Recieved event: { nil = table: 0x93b270, nil = function: 0x918700, nil = 5, nil = function: 0x918520,}
INFO [necromancy.lua:163] Recieved event: { nil = table: 0x93b270, nil = function: 0x918700, nil = 5, nil = function: 0x918520,}
INFO [necromancy.lua:163] Recieved event: { nil = table: 0x93b270, nil = function: 0x918700, nil = 5, nil = function: 0x918520,}
INFO [necromancy.lua:163] Recieved event: { nil = table: 0x93b270, nil = function: 0x918700, nil = 5, nil = function: 0x918520,}
INFO [necromancy.lua:163] Recieved event: { nil = table: 0x93b270, nil = function: 0x918700, nil = 5, nil = function: 0x918520,}
INFO [necromancy.lua:163] Recieved event: { nil = table: 0x93b270, nil = function: 0x918700, nil = 5, nil = function: 0x918520,}
INFO [necromancy.lua:163] Recieved event: { nil = table: 0x93b270, nil = function: 0x918700, nil = 5, nil = function: 0x918520,}
INFO [necromancy.lua:163] Recieved event: { nil = table: 0x93b270, nil = function: 0x918700, nil = 5, nil = function: 0x918520,}
INFO [necromancy.lua:163] Recieved event: { nil = table: 0x93b270, nil = function: 0x918700, nil = 5, nil = function: 0x918520,}
INFO [necromancy.lua:163] Recieved event: { nil = table: 0x93b270, nil = function: 0x918700, nil = 5, nil = function: 0x918520,}
INFO [necromancy.lua:163] Recieved event: { nil = table: 0x93b270, nil = function: 0x918700, nil = 5, nil = function: 0x918520,}
INFO [necromancy.lua:163] Recieved event: { nil = table: 0x93b270, nil = function: 0x918700, nil = 5, nil = function: 0x918520,}
INFO [necromancy.lua:163] Recieved event: { nil = table: 0x93b270, nil = function: 0x918700, nil = 5, nil = function: 0x918520,}
INFO [necromancy.lua:163] Recieved event: { nil = table: 0x93b270, nil = function: 0x918700, nil = 5, nil = function: 0x918520,}
INFO [necromancy.lua:163] Recieved event: { nil = table: 0x93b270, nil = function: 0x918700, nil = 5, nil = function: 0x918520,}
INFO [necromancy.lua:163] Recieved event: { nil = table: 0x93b270, nil = function: 0x918700, nil = 5, nil = function: 0x918520,}
INFO [necromancy.lua:163] Recieved event: { nil = table: 0x93b270, nil = function: 0x918700, nil = 5, nil = function: 0x918520,}
INFO [necromancy.lua:163] Recieved event: { nil = table: 0x93b270, nil = function: 0x918700, nil = 5, nil = function: 0x918520,}
INFO [/home/linuxbrew/.linuxbrew/share/lua/5.3/ltui/event.lua:57] event(key): Down 258.0 ..
INFO [necromancy.lua:163] Recieved event: { nil = Down, nil = table: 0x93ad40, nil = false, nil = 258.0, nil = function: 0x918700, nil = 1, nil = function: 0x918520,}
DEBUG [configuration.lua:63] <Down> -> navigate_down
NOTICE [action.lua:87] emitting event: item selection down
INFO [/home/linuxbrew/.linuxbrew/share/lua/5.3/ltui/view.lua:462] <view(choicebox.value.1) [0, 0, 90, 1]>: mark as redraw
INFO [/home/linuxbrew/.linuxbrew/share/lua/5.3/ltui/view.lua:462] <view(choicebox.value.2) [0, 1, 90, 2]>: mark as redraw
INFO [/home/linuxbrew/.linuxbrew/share/lua/5.3/ltui/view.lua:184] <view(choicebox.value.1) [0, 0, 90, 1]>: draw (transparent: nil) ..
INFO [/home/linuxbrew/.linuxbrew/share/lua/5.3/ltui/view.lua:184] <view(choicebox.value.2) [0, 1, 90, 2]>: draw (transparent: nil) ..
INFO [/home/linuxbrew/.linuxbrew/share/lua/5.3/ltui/view.lua:215] <view(choicebox.value.1) [0, 0, 90, 1]>: refresh to necromancy.itembrowser(0, 0, 90, 1) ..
INFO [/home/linuxbrew/.linuxbrew/share/lua/5.3/ltui/view.lua:215] <view(choicebox.value.2) [0, 1, 90, 2]>: refresh to necromancy.itembrowser(0, 1, 90, 2) ..
INFO [/home/linuxbrew/.linuxbrew/share/lua/5.3/ltui/view.lua:215] <panel(necromancy.itembrowser) [1, 1, 91, 24]>: refresh to window.panel(1, 1, 89, 22) ..
INFO [/home/linuxbrew/.linuxbrew/share/lua/5.3/ltui/view.lua:215] <panel(window.panel) [1, 1, 90, 23]>: refresh to window.frame(1, 1, 90, 23) ..
INFO [/home/linuxbrew/.linuxbrew/share/lua/5.3/ltui/view.lua:215] <panel(window.frame) [0, 0, 91, 24]>: refresh to window.body(0, 0, 91, 24) ..
INFO [/home/linuxbrew/.linuxbrew/share/lua/5.3/ltui/view.lua:215] <panel(window.body) [1, 1, 92, 25]>: refresh to necromancy(1, 1, 92, 25) ..
INFO [/home/linuxbrew/.linuxbrew/share/lua/5.3/ltui/program.lua:273] <panel(necromancy) [0, 0, 93, 26]>: refresh ..
INFO [/home/linuxbrew/.linuxbrew/share/lua/5.3/ltui/program.lua:479] cursor(<view(choicebox.value.2) [0, 1, 90, 2]>): (3, 4), 1
INFO [necromancy.lua:163] Recieved event: { nil = table: 0x93b270, nil = function: 0x918700, nil = 5, nil = function: 0x918520,}
INFO [necromancy.lua:163] Recieved event: { nil = table: 0x93b270, nil = function: 0x918700, nil = 5, nil = function: 0x918520,}
INFO [necromancy.lua:163] Recieved event: { nil = table: 0x93b270, nil = function: 0x918700, nil = 5, nil = function: 0x918520,}
INFO [necromancy.lua:163] Recieved event: { nil = table: 0x93b270, nil = function: 0x918700, nil = 5, nil = function: 0x918520,}
INFO [necromancy.lua:163] Recieved event: { nil = table: 0x93b270, nil = function: 0x918700, nil = 5, nil = function: 0x918520,}
INFO [necromancy.lua:163] Recieved event: { nil = table: 0x93b270, nil = function: 0x918700, nil = 5, nil = function: 0x918520,}
INFO [necromancy.lua:163] Recieved event: { nil = table: 0x93b270, nil = function: 0x918700, nil = 5, nil = function: 0x918520,}
INFO [necromancy.lua:163] Recieved event: { nil = table: 0x93b270, nil = function: 0x918700, nil = 5, nil = function: 0x918520,}
INFO [necromancy.lua:163] Recieved event: { nil = table: 0x93b270, nil = function: 0x918700, nil = 5, nil = function: 0x918520,}
INFO [necromancy.lua:163] Recieved event: { nil = table: 0x93b270, nil = function: 0x918700, nil = 5, nil = function: 0x918520,}
INFO [/home/linuxbrew/.linuxbrew/share/lua/5.3/ltui/event.lua:57] event(key): Down 258.0 ..
INFO [necromancy.lua:163] Recieved event: { nil = Down, nil = table: 0x93ad40, nil = false, nil = 258.0, nil = function: 0x918700, nil = 1, nil = function: 0x918520,}
DEBUG [configuration.lua:63] <Down> -> navigate_down
NOTICE [action.lua:87] emitting event: item selection down
INFO [/home/linuxbrew/.linuxbrew/share/lua/5.3/ltui/view.lua:462] <view(choicebox.value.2) [0, 1, 90, 2]>: mark as redraw
INFO [/home/linuxbrew/.linuxbrew/share/lua/5.3/ltui/view.lua:462] <view(choicebox.value.3) [0, 2, 90, 3]>: mark as redraw
INFO [/home/linuxbrew/.linuxbrew/share/lua/5.3/ltui/view.lua:184] <view(choicebox.value.2) [0, 1, 90, 2]>: draw (transparent: nil) ..
INFO [/home/linuxbrew/.linuxbrew/share/lua/5.3/ltui/view.lua:184] <view(choicebox.value.3) [0, 2, 90, 3]>: draw (transparent: nil) ..
INFO [/home/linuxbrew/.linuxbrew/share/lua/5.3/ltui/view.lua:215] <view(choicebox.value.2) [0, 1, 90, 2]>: refresh to necromancy.itembrowser(0, 1, 90, 2) ..
INFO [/home/linuxbrew/.linuxbrew/share/lua/5.3/ltui/view.lua:215] <view(choicebox.value.3) [0, 2, 90, 3]>: refresh to necromancy.itembrowser(0, 2, 90, 3) ..
INFO [/home/linuxbrew/.linuxbrew/share/lua/5.3/ltui/view.lua:215] <panel(necromancy.itembrowser) [1, 1, 91, 24]>: refresh to window.panel(1, 1, 89, 22) ..
INFO [/home/linuxbrew/.linuxbrew/share/lua/5.3/ltui/view.lua:215] <panel(window.panel) [1, 1, 90, 23]>: refresh to window.frame(1, 1, 90, 23) ..
INFO [/home/linuxbrew/.linuxbrew/share/lua/5.3/ltui/view.lua:215] <panel(window.frame) [0, 0, 91, 24]>: refresh to window.body(0, 0, 91, 24) ..
INFO [/home/linuxbrew/.linuxbrew/share/lua/5.3/ltui/view.lua:215] <panel(window.body) [1, 1, 92, 25]>: refresh to necromancy(1, 1, 92, 25) ..
INFO [/home/linuxbrew/.linuxbrew/share/lua/5.3/ltui/program.lua:273] <panel(necromancy) [0, 0, 93, 26]>: refresh ..
INFO [/home/linuxbrew/.linuxbrew/share/lua/5.3/ltui/program.lua:479] cursor(<view(choicebox.value.3) [0, 2, 90, 3]>): (3, 5), 1
INFO [/home/linuxbrew/.linuxbrew/share/lua/5.3/ltui/event.lua:57] event(key): Down 258.0 ..
INFO [necromancy.lua:163] Recieved event: { nil = Down, nil = table: 0x93ad40, nil = false, nil = 258.0, nil = function: 0x918700, nil = 1, nil = function: 0x918520,}
DEBUG [configuration.lua:63] <Down> -> navigate_down
NOTICE [action.lua:87] emitting event: item selection down
INFO [/home/linuxbrew/.linuxbrew/share/lua/5.3/ltui/view.lua:462] <view(choicebox.value.3) [0, 2, 90, 3]>: mark as redraw
INFO [/home/linuxbrew/.linuxbrew/share/lua/5.3/ltui/view.lua:462] <view(choicebox.value.4) [0, 3, 90, 4]>: mark as redraw
INFO [/home/linuxbrew/.linuxbrew/share/lua/5.3/ltui/view.lua:184] <view(choicebox.value.3) [0, 2, 90, 3]>: draw (transparent: nil) ..
INFO [/home/linuxbrew/.linuxbrew/share/lua/5.3/ltui/view.lua:184] <view(choicebox.value.4) [0, 3, 90, 4]>: draw (transparent: nil) ..
INFO [/home/linuxbrew/.linuxbrew/share/lua/5.3/ltui/view.lua:215] <view(choicebox.value.3) [0, 2, 90, 3]>: refresh to necromancy.itembrowser(0, 2, 90, 3) ..
INFO [/home/linuxbrew/.linuxbrew/share/lua/5.3/ltui/view.lua:215] <view(choicebox.value.4) [0, 3, 90, 4]>: refresh to necromancy.itembrowser(0, 3, 90, 4) ..
INFO [/home/linuxbrew/.linuxbrew/share/lua/5.3/ltui/view.lua:215] <panel(necromancy.itembrowser) [1, 1, 91, 24]>: refresh to window.panel(1, 1, 89, 22) ..
INFO [/home/linuxbrew/.linuxbrew/share/lua/5.3/ltui/view.lua:215] <panel(window.panel) [1, 1, 90, 23]>: refresh to window.frame(1, 1, 90, 23) ..
INFO [/home/linuxbrew/.linuxbrew/share/lua/5.3/ltui/view.lua:215] <panel(window.frame) [0, 0, 91, 24]>: refresh to window.body(0, 0, 91, 24) ..
INFO [/home/linuxbrew/.linuxbrew/share/lua/5.3/ltui/view.lua:215] <panel(window.body) [1, 1, 92, 25]>: refresh to necromancy(1, 1, 92, 25) ..
INFO [/home/linuxbrew/.linuxbrew/share/lua/5.3/ltui/program.lua:273] <panel(necromancy) [0, 0, 93, 26]>: refresh ..
INFO [/home/linuxbrew/.linuxbrew/share/lua/5.3/ltui/program.lua:479] cursor(<view(choicebox.value.4) [0, 3, 90, 4]>): (3, 6), 1
INFO [necromancy.lua:163] Recieved event: { nil = table: 0x93b270, nil = function: 0x918700, nil = 5, nil = function: 0x918520,}
INFO [necromancy.lua:163] Recieved event: { nil = table: 0x93b270, nil = function: 0x918700, nil = 5, nil = function: 0x918520,}
INFO [necromancy.lua:163] Recieved event: { nil = table: 0x93b270, nil = function: 0x918700, nil = 5, nil = function: 0x918520,}
INFO [necromancy.lua:163] Recieved event: { nil = table: 0x93b270, nil = function: 0x918700, nil = 5, nil = function: 0x918520,}
INFO [/home/linuxbrew/.linuxbrew/share/lua/5.3/ltui/event.lua:57] event(key): Down 258.0 ..
INFO [necromancy.lua:163] Recieved event: { nil = Down, nil = table: 0x93ad40, nil = false, nil = 258.0, nil = function: 0x918700, nil = 1, nil = function: 0x918520,}
DEBUG [configuration.lua:63] <Down> -> navigate_down
NOTICE [action.lua:87] emitting event: item selection down
INFO [/home/linuxbrew/.linuxbrew/share/lua/5.3/ltui/view.lua:462] <view(choicebox.value.4) [0, 3, 90, 4]>: mark as redraw
INFO [/home/linuxbrew/.linuxbrew/share/lua/5.3/ltui/view.lua:462] <view(choicebox.value.5) [0, 4, 90, 5]>: mark as redraw
INFO [/home/linuxbrew/.linuxbrew/share/lua/5.3/ltui/view.lua:184] <view(choicebox.value.4) [0, 3, 90, 4]>: draw (transparent: nil) ..
INFO [/home/linuxbrew/.linuxbrew/share/lua/5.3/ltui/view.lua:184] <view(choicebox.value.5) [0, 4, 90, 5]>: draw (transparent: nil) ..
INFO [/home/linuxbrew/.linuxbrew/share/lua/5.3/ltui/view.lua:215] <view(choicebox.value.4) [0, 3, 90, 4]>: refresh to necromancy.itembrowser(0, 3, 90, 4) ..
INFO [/home/linuxbrew/.linuxbrew/share/lua/5.3/ltui/view.lua:215] <view(choicebox.value.5) [0, 4, 90, 5]>: refresh to necromancy.itembrowser(0, 4, 90, 5) ..
INFO [/home/linuxbrew/.linuxbrew/share/lua/5.3/ltui/view.lua:215] <panel(necromancy.itembrowser) [1, 1, 91, 24]>: refresh to window.panel(1, 1, 89, 22) ..
INFO [/home/linuxbrew/.linuxbrew/share/lua/5.3/ltui/view.lua:215] <panel(window.panel) [1, 1, 90, 23]>: refresh to window.frame(1, 1, 90, 23) ..
INFO [/home/linuxbrew/.linuxbrew/share/lua/5.3/ltui/view.lua:215] <panel(window.frame) [0, 0, 91, 24]>: refresh to window.body(0, 0, 91, 24) ..
INFO [/home/linuxbrew/.linuxbrew/share/lua/5.3/ltui/view.lua:215] <panel(window.body) [1, 1, 92, 25]>: refresh to necromancy(1, 1, 92, 25) ..
INFO [/home/linuxbrew/.linuxbrew/share/lua/5.3/ltui/program.lua:273] <panel(necromancy) [0, 0, 93, 26]>: refresh ..
INFO [/home/linuxbrew/.linuxbrew/share/lua/5.3/ltui/program.lua:479] cursor(<view(choicebox.value.5) [0, 4, 90, 5]>): (3, 7), 1
INFO [/home/linuxbrew/.linuxbrew/share/lua/5.3/ltui/event.lua:57] event(key): Down 258.0 ..
INFO [necromancy.lua:163] Recieved event: { nil = Down, nil = table: 0x93ad40, nil = false, nil = 258.0, nil = function: 0x918700, nil = 1, nil = function: 0x918520,}
DEBUG [configuration.lua:63] <Down> -> navigate_down
NOTICE [action.lua:87] emitting event: item selection down
INFO [/home/linuxbrew/.linuxbrew/share/lua/5.3/ltui/view.lua:462] <view(choicebox.value.5) [0, 4, 90, 5]>: mark as redraw
INFO [/home/linuxbrew/.linuxbrew/share/lua/5.3/ltui/view.lua:462] <view(choicebox.value.6) [0, 5, 90, 6]>: mark as redraw
INFO [/home/linuxbrew/.linuxbrew/share/lua/5.3/ltui/view.lua:184] <view(choicebox.value.5) [0, 4, 90, 5]>: draw (transparent: nil) ..
INFO [/home/linuxbrew/.linuxbrew/share/lua/5.3/ltui/view.lua:184] <view(choicebox.value.6) [0, 5, 90, 6]>: draw (transparent: nil) ..
INFO [/home/linuxbrew/.linuxbrew/share/lua/5.3/ltui/view.lua:215] <view(choicebox.value.5) [0, 4, 90, 5]>: refresh to necromancy.itembrowser(0, 4, 90, 5) ..
INFO [/home/linuxbrew/.linuxbrew/share/lua/5.3/ltui/view.lua:215] <view(choicebox.value.6) [0, 5, 90, 6]>: refresh to necromancy.itembrowser(0, 5, 90, 6) ..
INFO [/home/linuxbrew/.linuxbrew/share/lua/5.3/ltui/view.lua:215] <panel(necromancy.itembrowser) [1, 1, 91, 24]>: refresh to window.panel(1, 1, 89, 22) ..
INFO [/home/linuxbrew/.linuxbrew/share/lua/5.3/ltui/view.lua:215] <panel(window.panel) [1, 1, 90, 23]>: refresh to window.frame(1, 1, 90, 23) ..
INFO [/home/linuxbrew/.linuxbrew/share/lua/5.3/ltui/view.lua:215] <panel(window.frame) [0, 0, 91, 24]>: refresh to window.body(0, 0, 91, 24) ..
INFO [/home/linuxbrew/.linuxbrew/share/lua/5.3/ltui/view.lua:215] <panel(window.body) [1, 1, 92, 25]>: refresh to necromancy(1, 1, 92, 25) ..
INFO [/home/linuxbrew/.linuxbrew/share/lua/5.3/ltui/program.lua:273] <panel(necromancy) [0, 0, 93, 26]>: refresh ..
INFO [/home/linuxbrew/.linuxbrew/share/lua/5.3/ltui/program.lua:479] cursor(<view(choicebox.value.6) [0, 5, 90, 6]>): (3, 8), 1
INFO [necromancy.lua:163] Recieved event: { nil = table: 0x93b270, nil = function: 0x918700, nil = 5, nil = function: 0x918520,}
INFO [necromancy.lua:163] Recieved event: { nil = table: 0x93b270, nil = function: 0x918700, nil = 5, nil = function: 0x918520,}
INFO [/home/linuxbrew/.linuxbrew/share/lua/5.3/ltui/event.lua:57] event(key): Down 258.0 ..
INFO [necromancy.lua:163] Recieved event: { nil = Down, nil = table: 0x93ad40, nil = false, nil = 258.0, nil = function: 0x918700, nil = 1, nil = function: 0x918520,}
DEBUG [configuration.lua:63] <Down> -> navigate_down
NOTICE [action.lua:87] emitting event: item selection down
INFO [/home/linuxbrew/.linuxbrew/share/lua/5.3/ltui/view.lua:462] <view(choicebox.value.6) [0, 5, 90, 6]>: mark as redraw
INFO [/home/linuxbrew/.linuxbrew/share/lua/5.3/ltui/view.lua:462] <view(choicebox.value.7) [0, 6, 90, 7]>: mark as redraw
INFO [/home/linuxbrew/.linuxbrew/share/lua/5.3/ltui/view.lua:184] <view(choicebox.value.6) [0, 5, 90, 6]>: draw (transparent: nil) ..
INFO [/home/linuxbrew/.linuxbrew/share/lua/5.3/ltui/view.lua:184] <view(choicebox.value.7) [0, 6, 90, 7]>: draw (transparent: nil) ..
INFO [/home/linuxbrew/.linuxbrew/share/lua/5.3/ltui/view.lua:215] <view(choicebox.value.6) [0, 5, 90, 6]>: refresh to necromancy.itembrowser(0, 5, 90, 6) ..
INFO [/home/linuxbrew/.linuxbrew/share/lua/5.3/ltui/view.lua:215] <view(choicebox.value.7) [0, 6, 90, 7]>: refresh to necromancy.itembrowser(0, 6, 90, 7) ..
INFO [/home/linuxbrew/.linuxbrew/share/lua/5.3/ltui/view.lua:215] <panel(necromancy.itembrowser) [1, 1, 91, 24]>: refresh to window.panel(1, 1, 89, 22) ..
INFO [/home/linuxbrew/.linuxbrew/share/lua/5.3/ltui/view.lua:215] <panel(window.panel) [1, 1, 90, 23]>: refresh to window.frame(1, 1, 90, 23) ..
INFO [/home/linuxbrew/.linuxbrew/share/lua/5.3/ltui/view.lua:215] <panel(window.frame) [0, 0, 91, 24]>: refresh to window.body(0, 0, 91, 24) ..
INFO [/home/linuxbrew/.linuxbrew/share/lua/5.3/ltui/view.lua:215] <panel(window.body) [1, 1, 92, 25]>: refresh to necromancy(1, 1, 92, 25) ..
INFO [/home/linuxbrew/.linuxbrew/share/lua/5.3/ltui/program.lua:273] <panel(necromancy) [0, 0, 93, 26]>: refresh ..
INFO [/home/linuxbrew/.linuxbrew/share/lua/5.3/ltui/program.lua:479] cursor(<view(choicebox.value.7) [0, 6, 90, 7]>): (3, 9), 1
INFO [necromancy.lua:163] Recieved event: { nil = table: 0x93b270, nil = function: 0x918700, nil = 5, nil = function: 0x918520,}
INFO [necromancy.lua:163] Recieved event: { nil = table: 0x93b270, nil = function: 0x918700, nil = 5, nil = function: 0x918520,}
INFO [necromancy.lua:163] Recieved event: { nil = table: 0x93b270, nil = function: 0x918700, nil = 5, nil = function: 0x918520,}
INFO [necromancy.lua:163] Recieved event: { nil = table: 0x93b270, nil = function: 0x918700, nil = 5, nil = function: 0x918520,}
INFO [necromancy.lua:163] Recieved event: { nil = table: 0x93b270, nil = function: 0x918700, nil = 5, nil = function: 0x918520,}
INFO [/home/linuxbrew/.linuxbrew/share/lua/5.3/ltui/event.lua:57] event(key): Down 258.0 ..
INFO [necromancy.lua:163] Recieved event: { nil = Down, nil = table: 0x93ad40, nil = false, nil = 258.0, nil = function: 0x918700, nil = 1, nil = function: 0x918520,}
DEBUG [configuration.lua:63] <Down> -> navigate_down
NOTICE [action.lua:87] emitting event: item selection down
INFO [/home/linuxbrew/.linuxbrew/share/lua/5.3/ltui/view.lua:462] <view(choicebox.value.7) [0, 6, 90, 7]>: mark as redraw
INFO [/home/linuxbrew/.linuxbrew/share/lua/5.3/ltui/view.lua:462] <view(choicebox.value.8) [0, 7, 90, 8]>: mark as redraw
INFO [/home/linuxbrew/.linuxbrew/share/lua/5.3/ltui/view.lua:184] <view(choicebox.value.7) [0, 6, 90, 7]>: draw (transparent: nil) ..
INFO [/home/linuxbrew/.linuxbrew/share/lua/5.3/ltui/view.lua:184] <view(choicebox.value.8) [0, 7, 90, 8]>: draw (transparent: nil) ..
INFO [/home/linuxbrew/.linuxbrew/share/lua/5.3/ltui/view.lua:215] <view(choicebox.value.7) [0, 6, 90, 7]>: refresh to necromancy.itembrowser(0, 6, 90, 7) ..
INFO [/home/linuxbrew/.linuxbrew/share/lua/5.3/ltui/view.lua:215] <view(choicebox.value.8) [0, 7, 90, 8]>: refresh to necromancy.itembrowser(0, 7, 90, 8) ..
INFO [/home/linuxbrew/.linuxbrew/share/lua/5.3/ltui/view.lua:215] <panel(necromancy.itembrowser) [1, 1, 91, 24]>: refresh to window.panel(1, 1, 89, 22) ..
INFO [/home/linuxbrew/.linuxbrew/share/lua/5.3/ltui/view.lua:215] <panel(window.panel) [1, 1, 90, 23]>: refresh to window.frame(1, 1, 90, 23) ..
INFO [/home/linuxbrew/.linuxbrew/share/lua/5.3/ltui/view.lua:215] <panel(window.frame) [0, 0, 91, 24]>: refresh to window.body(0, 0, 91, 24) ..
INFO [/home/linuxbrew/.linuxbrew/share/lua/5.3/ltui/view.lua:215] <panel(window.body) [1, 1, 92, 25]>: refresh to necromancy(1, 1, 92, 25) ..
INFO [/home/linuxbrew/.linuxbrew/share/lua/5.3/ltui/program.lua:273] <panel(necromancy) [0, 0, 93, 26]>: refresh ..
INFO [/home/linuxbrew/.linuxbrew/share/lua/5.3/ltui/program.lua:479] cursor(<view(choicebox.value.8) [0, 7, 90, 8]>): (3, 10), 1
INFO [necromancy.lua:163] Recieved event: { nil = table: 0x93b270, nil = function: 0x918700, nil = 5, nil = function: 0x918520,}
INFO [necromancy.lua:163] Recieved event: { nil = table: 0x93b270, nil = function: 0x918700, nil = 5, nil = function: 0x918520,}
INFO [necromancy.lua:163] Recieved event: { nil = table: 0x93b270, nil = function: 0x918700, nil = 5, nil = function: 0x918520,}
INFO [necromancy.lua:163] Recieved event: { nil = table: 0x93b270, nil = function: 0x918700, nil = 5, nil = function: 0x918520,}
INFO [necromancy.lua:163] Recieved event: { nil = table: 0x93b270, nil = function: 0x918700, nil = 5, nil = function: 0x918520,}
INFO [necromancy.lua:163] Recieved event: { nil = table: 0x93b270, nil = function: 0x918700, nil = 5, nil = function: 0x918520,}
INFO [necromancy.lua:163] Recieved event: { nil = table: 0x93b270, nil = function: 0x918700, nil = 5, nil = function: 0x918520,}
INFO [necromancy.lua:163] Recieved event: { nil = table: 0x93b270, nil = function: 0x918700, nil = 5, nil = function: 0x918520,}
INFO [necromancy.lua:163] Recieved event: { nil = table: 0x93b270, nil = function: 0x918700, nil = 5, nil = function: 0x918520,}
INFO [necromancy.lua:163] Recieved event: { nil = table: 0x93b270, nil = function: 0x918700, nil = 5, nil = function: 0x918520,}
INFO [/home/linuxbrew/.linuxbrew/share/lua/5.3/ltui/event.lua:57] event(key): Up 259.0 ..
INFO [necromancy.lua:163] Recieved event: { nil = Up, nil = table: 0x93ad40, nil = false, nil = 259.0, nil = function: 0x918700, nil = 1, nil = function: 0x918520,}
DEBUG [configuration.lua:63] <Up> -> navigate_up
NOTICE [action.lua:84] emitting event: item selection up
INFO [/home/linuxbrew/.linuxbrew/share/lua/5.3/ltui/view.lua:462] <view(choicebox.value.8) [0, 7, 90, 8]>: mark as redraw
INFO [/home/linuxbrew/.linuxbrew/share/lua/5.3/ltui/view.lua:462] <view(choicebox.value.7) [0, 6, 90, 7]>: mark as redraw
INFO [/home/linuxbrew/.linuxbrew/share/lua/5.3/ltui/view.lua:184] <view(choicebox.value.7) [0, 6, 90, 7]>: draw (transparent: nil) ..
INFO [/home/linuxbrew/.linuxbrew/share/lua/5.3/ltui/view.lua:184] <view(choicebox.value.8) [0, 7, 90, 8]>: draw (transparent: nil) ..
INFO [/home/linuxbrew/.linuxbrew/share/lua/5.3/ltui/view.lua:215] <view(choicebox.value.7) [0, 6, 90, 7]>: refresh to necromancy.itembrowser(0, 6, 90, 7) ..
INFO [/home/linuxbrew/.linuxbrew/share/lua/5.3/ltui/view.lua:215] <view(choicebox.value.8) [0, 7, 90, 8]>: refresh to necromancy.itembrowser(0, 7, 90, 8) ..
INFO [/home/linuxbrew/.linuxbrew/share/lua/5.3/ltui/view.lua:215] <panel(necromancy.itembrowser) [1, 1, 91, 24]>: refresh to window.panel(1, 1, 89, 22) ..
INFO [/home/linuxbrew/.linuxbrew/share/lua/5.3/ltui/view.lua:215] <panel(window.panel) [1, 1, 90, 23]>: refresh to window.frame(1, 1, 90, 23) ..
INFO [/home/linuxbrew/.linuxbrew/share/lua/5.3/ltui/view.lua:215] <panel(window.frame) [0, 0, 91, 24]>: refresh to window.body(0, 0, 91, 24) ..
INFO [/home/linuxbrew/.linuxbrew/share/lua/5.3/ltui/view.lua:215] <panel(window.body) [1, 1, 92, 25]>: refresh to necromancy(1, 1, 92, 25) ..
INFO [/home/linuxbrew/.linuxbrew/share/lua/5.3/ltui/program.lua:273] <panel(necromancy) [0, 0, 93, 26]>: refresh ..
INFO [/home/linuxbrew/.linuxbrew/share/lua/5.3/ltui/program.lua:479] cursor(<view(choicebox.value.7) [0, 6, 90, 7]>): (3, 9), 1
INFO [necromancy.lua:163] Recieved event: { nil = table: 0x93b270, nil = function: 0x918700, nil = 5, nil = function: 0x918520,}
INFO [necromancy.lua:163] Recieved event: { nil = table: 0x93b270, nil = function: 0x918700, nil = 5, nil = function: 0x918520,}
INFO [necromancy.lua:163] Recieved event: { nil = table: 0x93b270, nil = function: 0x918700, nil = 5, nil = function: 0x918520,}
INFO [necromancy.lua:163] Recieved event: { nil = table: 0x93b270, nil = function: 0x918700, nil = 5, nil = function: 0x918520,}
INFO [necromancy.lua:163] Recieved event: { nil = table: 0x93b270, nil = function: 0x918700, nil = 5, nil = function: 0x918520,}
INFO [necromancy.lua:163] Recieved event: { nil = table: 0x93b270, nil = function: 0x918700, nil = 5, nil = function: 0x918520,}
INFO [necromancy.lua:163] Recieved event: { nil = table: 0x93b270, nil = function: 0x918700, nil = 5, nil = function: 0x918520,}
INFO [necromancy.lua:163] Recieved event: { nil = table: 0x93b270, nil = function: 0x918700, nil = 5, nil = function: 0x918520,}
INFO [necromancy.lua:163] Recieved event: { nil = table: 0x93b270, nil = function: 0x918700, nil = 5, nil = function: 0x918520,}
INFO [/home/linuxbrew/.linuxbrew/share/lua/5.3/ltui/event.lua:57] event(key): Up 259.0 ..
INFO [necromancy.lua:163] Recieved event: { nil = Up, nil = table: 0x93ad40, nil = false, nil = 259.0, nil = function: 0x918700, nil = 1, nil = function: 0x918520,}
DEBUG [configuration.lua:63] <Up> -> navigate_up
NOTICE [action.lua:84] emitting event: item selection up
INFO [/home/linuxbrew/.linuxbrew/share/lua/5.3/ltui/view.lua:462] <view(choicebox.value.7) [0, 6, 90, 7]>: mark as redraw
INFO [/home/linuxbrew/.linuxbrew/share/lua/5.3/ltui/view.lua:462] <view(choicebox.value.6) [0, 5, 90, 6]>: mark as redraw
INFO [/home/linuxbrew/.linuxbrew/share/lua/5.3/ltui/view.lua:184] <view(choicebox.value.6) [0, 5, 90, 6]>: draw (transparent: nil) ..
INFO [/home/linuxbrew/.linuxbrew/share/lua/5.3/ltui/view.lua:184] <view(choicebox.value.7) [0, 6, 90, 7]>: draw (transparent: nil) ..
INFO [/home/linuxbrew/.linuxbrew/share/lua/5.3/ltui/view.lua:215] <view(choicebox.value.6) [0, 5, 90, 6]>: refresh to necromancy.itembrowser(0, 5, 90, 6) ..
INFO [/home/linuxbrew/.linuxbrew/share/lua/5.3/ltui/view.lua:215] <view(choicebox.value.7) [0, 6, 90, 7]>: refresh to necromancy.itembrowser(0, 6, 90, 7) ..
INFO [/home/linuxbrew/.linuxbrew/share/lua/5.3/ltui/view.lua:215] <panel(necromancy.itembrowser) [1, 1, 91, 24]>: refresh to window.panel(1, 1, 89, 22) ..
INFO [/home/linuxbrew/.linuxbrew/share/lua/5.3/ltui/view.lua:215] <panel(window.panel) [1, 1, 90, 23]>: refresh to window.frame(1, 1, 90, 23) ..
INFO [/home/linuxbrew/.linuxbrew/share/lua/5.3/ltui/view.lua:215] <panel(window.frame) [0, 0, 91, 24]>: refresh to window.body(0, 0, 91, 24) ..
INFO [/home/linuxbrew/.linuxbrew/share/lua/5.3/ltui/view.lua:215] <panel(window.body) [1, 1, 92, 25]>: refresh to necromancy(1, 1, 92, 25) ..
INFO [/home/linuxbrew/.linuxbrew/share/lua/5.3/ltui/program.lua:273] <panel(necromancy) [0, 0, 93, 26]>: refresh ..
INFO [/home/linuxbrew/.linuxbrew/share/lua/5.3/ltui/program.lua:479] cursor(<view(choicebox.value.6) [0, 5, 90, 6]>): (3, 8), 1
INFO [necromancy.lua:163] Recieved event: { nil = table: 0x93b270, nil = function: 0x918700, nil = 5, nil = function: 0x918520,}
INFO [necromancy.lua:163] Recieved event: { nil = table: 0x93b270, nil = function: 0x918700, nil = 5, nil = function: 0x918520,}
INFO [/home/linuxbrew/.linuxbrew/share/lua/5.3/ltui/event.lua:57] event(key): Up 259.0 ..
INFO [necromancy.lua:163] Recieved event: { nil = Up, nil = table: 0x93ad40, nil = false, nil = 259.0, nil = function: 0x918700, nil = 1, nil = function: 0x918520,}
DEBUG [configuration.lua:63] <Up> -> navigate_up
NOTICE [action.lua:84] emitting event: item selection up
INFO [/home/linuxbrew/.linuxbrew/share/lua/5.3/ltui/view.lua:462] <view(choicebox.value.6) [0, 5, 90, 6]>: mark as redraw
INFO [/home/linuxbrew/.linuxbrew/share/lua/5.3/ltui/view.lua:462] <view(choicebox.value.5) [0, 4, 90, 5]>: mark as redraw
INFO [/home/linuxbrew/.linuxbrew/share/lua/5.3/ltui/view.lua:184] <view(choicebox.value.5) [0, 4, 90, 5]>: draw (transparent: nil) ..
INFO [/home/linuxbrew/.linuxbrew/share/lua/5.3/ltui/view.lua:184] <view(choicebox.value.6) [0, 5, 90, 6]>: draw (transparent: nil) ..
INFO [/home/linuxbrew/.linuxbrew/share/lua/5.3/ltui/view.lua:215] <view(choicebox.value.5) [0, 4, 90, 5]>: refresh to necromancy.itembrowser(0, 4, 90, 5) ..
INFO [/home/linuxbrew/.linuxbrew/share/lua/5.3/ltui/view.lua:215] <view(choicebox.value.6) [0, 5, 90, 6]>: refresh to necromancy.itembrowser(0, 5, 90, 6) ..
INFO [/home/linuxbrew/.linuxbrew/share/lua/5.3/ltui/view.lua:215] <panel(necromancy.itembrowser) [1, 1, 91, 24]>: refresh to window.panel(1, 1, 89, 22) ..
INFO [/home/linuxbrew/.linuxbrew/share/lua/5.3/ltui/view.lua:215] <panel(window.panel) [1, 1, 90, 23]>: refresh to window.frame(1, 1, 90, 23) ..
INFO [/home/linuxbrew/.linuxbrew/share/lua/5.3/ltui/view.lua:215] <panel(window.frame) [0, 0, 91, 24]>: refresh to window.body(0, 0, 91, 24) ..
INFO [/home/linuxbrew/.linuxbrew/share/lua/5.3/ltui/view.lua:215] <panel(window.body) [1, 1, 92, 25]>: refresh to necromancy(1, 1, 92, 25) ..
INFO [/home/linuxbrew/.linuxbrew/share/lua/5.3/ltui/program.lua:273] <panel(necromancy) [0, 0, 93, 26]>: refresh ..
INFO [/home/linuxbrew/.linuxbrew/share/lua/5.3/ltui/program.lua:479] cursor(<view(choicebox.value.5) [0, 4, 90, 5]>): (3, 7), 1
INFO [/home/linuxbrew/.linuxbrew/share/lua/5.3/ltui/event.lua:57] event(key): Up 259.0 ..
INFO [necromancy.lua:163] Recieved event: { nil = Up, nil = table: 0x93ad40, nil = false, nil = 259.0, nil = function: 0x918700, nil = 1, nil = function: 0x918520,}
DEBUG [configuration.lua:63] <Up> -> navigate_up
NOTICE [action.lua:84] emitting event: item selection up
INFO [/home/linuxbrew/.linuxbrew/share/lua/5.3/ltui/view.lua:462] <view(choicebox.value.5) [0, 4, 90, 5]>: mark as redraw
INFO [/home/linuxbrew/.linuxbrew/share/lua/5.3/ltui/view.lua:462] <view(choicebox.value.4) [0, 3, 90, 4]>: mark as redraw
INFO [/home/linuxbrew/.linuxbrew/share/lua/5.3/ltui/view.lua:184] <view(choicebox.value.4) [0, 3, 90, 4]>: draw (transparent: nil) ..
INFO [/home/linuxbrew/.linuxbrew/share/lua/5.3/ltui/view.lua:184] <view(choicebox.value.5) [0, 4, 90, 5]>: draw (transparent: nil) ..
INFO [/home/linuxbrew/.linuxbrew/share/lua/5.3/ltui/view.lua:215] <view(choicebox.value.4) [0, 3, 90, 4]>: refresh to necromancy.itembrowser(0, 3, 90, 4) ..
INFO [/home/linuxbrew/.linuxbrew/share/lua/5.3/ltui/view.lua:215] <view(choicebox.value.5) [0, 4, 90, 5]>: refresh to necromancy.itembrowser(0, 4, 90, 5) ..
INFO [/home/linuxbrew/.linuxbrew/share/lua/5.3/ltui/view.lua:215] <panel(necromancy.itembrowser) [1, 1, 91, 24]>: refresh to window.panel(1, 1, 89, 22) ..
INFO [/home/linuxbrew/.linuxbrew/share/lua/5.3/ltui/view.lua:215] <panel(window.panel) [1, 1, 90, 23]>: refresh to window.frame(1, 1, 90, 23) ..
INFO [/home/linuxbrew/.linuxbrew/share/lua/5.3/ltui/view.lua:215] <panel(window.frame) [0, 0, 91, 24]>: refresh to window.body(0, 0, 91, 24) ..
INFO [/home/linuxbrew/.linuxbrew/share/lua/5.3/ltui/view.lua:215] <panel(window.body) [1, 1, 92, 25]>: refresh to necromancy(1, 1, 92, 25) ..
INFO [/home/linuxbrew/.linuxbrew/share/lua/5.3/ltui/program.lua:273] <panel(necromancy) [0, 0, 93, 26]>: refresh ..
INFO [/home/linuxbrew/.linuxbrew/share/lua/5.3/ltui/program.lua:479] cursor(<view(choicebox.value.4) [0, 3, 90, 4]>): (3, 6), 1
INFO [necromancy.lua:163] Recieved event: { nil = table: 0x93b270, nil = function: 0x918700, nil = 5, nil = function: 0x918520,}
INFO [/home/linuxbrew/.linuxbrew/share/lua/5.3/ltui/event.lua:57] event(key): Up 259.0 ..
INFO [necromancy.lua:163] Recieved event: { nil = Up, nil = table: 0x93ad40, nil = false, nil = 259.0, nil = function: 0x918700, nil = 1, nil = function: 0x918520,}
DEBUG [configuration.lua:63] <Up> -> navigate_up
NOTICE [action.lua:84] emitting event: item selection up
INFO [/home/linuxbrew/.linuxbrew/share/lua/5.3/ltui/view.lua:462] <view(choicebox.value.4) [0, 3, 90, 4]>: mark as redraw
INFO [/home/linuxbrew/.linuxbrew/share/lua/5.3/ltui/view.lua:462] <view(choicebox.value.3) [0, 2, 90, 3]>: mark as redraw
INFO [/home/linuxbrew/.linuxbrew/share/lua/5.3/ltui/view.lua:184] <view(choicebox.value.3) [0, 2, 90, 3]>: draw (transparent: nil) ..
INFO [/home/linuxbrew/.linuxbrew/share/lua/5.3/ltui/view.lua:184] <view(choicebox.value.4) [0, 3, 90, 4]>: draw (transparent: nil) ..
INFO [/home/linuxbrew/.linuxbrew/share/lua/5.3/ltui/view.lua:215] <view(choicebox.value.3) [0, 2, 90, 3]>: refresh to necromancy.itembrowser(0, 2, 90, 3) ..
INFO [/home/linuxbrew/.linuxbrew/share/lua/5.3/ltui/view.lua:215] <view(choicebox.value.4) [0, 3, 90, 4]>: refresh to necromancy.itembrowser(0, 3, 90, 4) ..
INFO [/home/linuxbrew/.linuxbrew/share/lua/5.3/ltui/view.lua:215] <panel(necromancy.itembrowser) [1, 1, 91, 24]>: refresh to window.panel(1, 1, 89, 22) ..
INFO [/home/linuxbrew/.linuxbrew/share/lua/5.3/ltui/view.lua:215] <panel(window.panel) [1, 1, 90, 23]>: refresh to window.frame(1, 1, 90, 23) ..
INFO [/home/linuxbrew/.linuxbrew/share/lua/5.3/ltui/view.lua:215] <panel(window.frame) [0, 0, 91, 24]>: refresh to window.body(0, 0, 91, 24) ..
INFO [/home/linuxbrew/.linuxbrew/share/lua/5.3/ltui/view.lua:215] <panel(window.body) [1, 1, 92, 25]>: refresh to necromancy(1, 1, 92, 25) ..
INFO [/home/linuxbrew/.linuxbrew/share/lua/5.3/ltui/program.lua:273] <panel(necromancy) [0, 0, 93, 26]>: refresh ..
INFO [/home/linuxbrew/.linuxbrew/share/lua/5.3/ltui/program.lua:479] cursor(<view(choicebox.value.3) [0, 2, 90, 3]>): (3, 5), 1
INFO [necromancy.lua:163] Recieved event: { nil = table: 0x93b270, nil = function: 0x918700, nil = 5, nil = function: 0x918520,}
INFO [necromancy.lua:163] Recieved event: { nil = table: 0x93b270, nil = function: 0x918700, nil = 5, nil = function: 0x918520,}
INFO [/home/linuxbrew/.linuxbrew/share/lua/5.3/ltui/event.lua:57] event(key): Up 259.0 ..
INFO [necromancy.lua:163] Recieved event: { nil = Up, nil = table: 0x93ad40, nil = false, nil = 259.0, nil = function: 0x918700, nil = 1, nil = function: 0x918520,}
DEBUG [configuration.lua:63] <Up> -> navigate_up
NOTICE [action.lua:84] emitting event: item selection up
INFO [/home/linuxbrew/.linuxbrew/share/lua/5.3/ltui/view.lua:462] <view(choicebox.value.3) [0, 2, 90, 3]>: mark as redraw
INFO [/home/linuxbrew/.linuxbrew/share/lua/5.3/ltui/view.lua:462] <view(choicebox.value.2) [0, 1, 90, 2]>: mark as redraw
INFO [/home/linuxbrew/.linuxbrew/share/lua/5.3/ltui/view.lua:184] <view(choicebox.value.2) [0, 1, 90, 2]>: draw (transparent: nil) ..
INFO [/home/linuxbrew/.linuxbrew/share/lua/5.3/ltui/view.lua:184] <view(choicebox.value.3) [0, 2, 90, 3]>: draw (transparent: nil) ..
INFO [/home/linuxbrew/.linuxbrew/share/lua/5.3/ltui/view.lua:215] <view(choicebox.value.2) [0, 1, 90, 2]>: refresh to necromancy.itembrowser(0, 1, 90, 2) ..
INFO [/home/linuxbrew/.linuxbrew/share/lua/5.3/ltui/view.lua:215] <view(choicebox.value.3) [0, 2, 90, 3]>: refresh to necromancy.itembrowser(0, 2, 90, 3) ..
INFO [/home/linuxbrew/.linuxbrew/share/lua/5.3/ltui/view.lua:215] <panel(necromancy.itembrowser) [1, 1, 91, 24]>: refresh to window.panel(1, 1, 89, 22) ..
INFO [/home/linuxbrew/.linuxbrew/share/lua/5.3/ltui/view.lua:215] <panel(window.panel) [1, 1, 90, 23]>: refresh to window.frame(1, 1, 90, 23) ..
INFO [/home/linuxbrew/.linuxbrew/share/lua/5.3/ltui/view.lua:215] <panel(window.frame) [0, 0, 91, 24]>: refresh to window.body(0, 0, 91, 24) ..
INFO [/home/linuxbrew/.linuxbrew/share/lua/5.3/ltui/view.lua:215] <panel(window.body) [1, 1, 92, 25]>: refresh to necromancy(1, 1, 92, 25) ..
INFO [/home/linuxbrew/.linuxbrew/share/lua/5.3/ltui/program.lua:273] <panel(necromancy) [0, 0, 93, 26]>: refresh ..
INFO [/home/linuxbrew/.linuxbrew/share/lua/5.3/ltui/program.lua:479] cursor(<view(choicebox.value.2) [0, 1, 90, 2]>): (3, 4), 1
INFO [necromancy.lua:163] Recieved event: { nil = table: 0x93b270, nil = function: 0x918700, nil = 5, nil = function: 0x918520,}
INFO [necromancy.lua:163] Recieved event: { nil = table: 0x93b270, nil = function: 0x918700, nil = 5, nil = function: 0x918520,}
INFO [necromancy.lua:163] Recieved event: { nil = table: 0x93b270, nil = function: 0x918700, nil = 5, nil = function: 0x918520,}
INFO [necromancy.lua:163] Recieved event: { nil = table: 0x93b270, nil = function: 0x918700, nil = 5, nil = function: 0x918520,}
INFO [necromancy.lua:163] Recieved event: { nil = table: 0x93b270, nil = function: 0x918700, nil = 5, nil = function: 0x918520,}
INFO [/home/linuxbrew/.linuxbrew/share/lua/5.3/ltui/event.lua:57] event(key): Up 259.0 ..
INFO [necromancy.lua:163] Recieved event: { nil = Up, nil = table: 0x93ad40, nil = false, nil = 259.0, nil = function: 0x918700, nil = 1, nil = function: 0x918520,}
DEBUG [configuration.lua:63] <Up> -> navigate_up
NOTICE [action.lua:84] emitting event: item selection up
INFO [/home/linuxbrew/.linuxbrew/share/lua/5.3/ltui/view.lua:462] <view(choicebox.value.2) [0, 1, 90, 2]>: mark as redraw
INFO [/home/linuxbrew/.linuxbrew/share/lua/5.3/ltui/view.lua:462] <view(choicebox.value.1) [0, 0, 90, 1]>: mark as redraw
INFO [/home/linuxbrew/.linuxbrew/share/lua/5.3/ltui/view.lua:184] <view(choicebox.value.1) [0, 0, 90, 1]>: draw (transparent: nil) ..
INFO [/home/linuxbrew/.linuxbrew/share/lua/5.3/ltui/view.lua:184] <view(choicebox.value.2) [0, 1, 90, 2]>: draw (transparent: nil) ..
INFO [/home/linuxbrew/.linuxbrew/share/lua/5.3/ltui/view.lua:215] <view(choicebox.value.1) [0, 0, 90, 1]>: refresh to necromancy.itembrowser(0, 0, 90, 1) ..
INFO [/home/linuxbrew/.linuxbrew/share/lua/5.3/ltui/view.lua:215] <view(choicebox.value.2) [0, 1, 90, 2]>: refresh to necromancy.itembrowser(0, 1, 90, 2) ..
INFO [/home/linuxbrew/.linuxbrew/share/lua/5.3/ltui/view.lua:215] <panel(necromancy.itembrowser) [1, 1, 91, 24]>: refresh to window.panel(1, 1, 89, 22) ..
INFO [/home/linuxbrew/.linuxbrew/share/lua/5.3/ltui/view.lua:215] <panel(window.panel) [1, 1, 90, 23]>: refresh to window.frame(1, 1, 90, 23) ..
INFO [/home/linuxbrew/.linuxbrew/share/lua/5.3/ltui/view.lua:215] <panel(window.frame) [0, 0, 91, 24]>: refresh to window.body(0, 0, 91, 24) ..
INFO [/home/linuxbrew/.linuxbrew/share/lua/5.3/ltui/view.lua:215] <panel(window.body) [1, 1, 92, 25]>: refresh to necromancy(1, 1, 92, 25) ..
INFO [/home/linuxbrew/.linuxbrew/share/lua/5.3/ltui/program.lua:273] <panel(necromancy) [0, 0, 93, 26]>: refresh ..
INFO [/home/linuxbrew/.linuxbrew/share/lua/5.3/ltui/program.lua:479] cursor(<view(choicebox.value.1) [0, 0, 90, 1]>): (3, 3), 1
INFO [necromancy.lua:163] Recieved event: { nil = table: 0x93b270, nil = function: 0x918700, nil = 5, nil = function: 0x918520,}
INFO [necromancy.lua:163] Recieved event: { nil = table: 0x93b270, nil = function: 0x918700, nil = 5, nil = function: 0x918520,}
INFO [necromancy.lua:163] Recieved event: { nil = table: 0x93b270, nil = function: 0x918700, nil = 5, nil = function: 0x918520,}
INFO [necromancy.lua:163] Recieved event: { nil = table: 0x93b270, nil = function: 0x918700, nil = 5, nil = function: 0x918520,}
INFO [necromancy.lua:163] Recieved event: { nil = table: 0x93b270, nil = function: 0x918700, nil = 5, nil = function: 0x918520,}
INFO [necromancy.lua:163] Recieved event: { nil = table: 0x93b270, nil = function: 0x918700, nil = 5, nil = function: 0x918520,}
INFO [necromancy.lua:163] Recieved event: { nil = table: 0x93b270, nil = function: 0x918700, nil = 5, nil = function: 0x918520,}
INFO [/home/linuxbrew/.linuxbrew/share/lua/5.3/ltui/event.lua:57] event(key): Down 258.0 ..
INFO [necromancy.lua:163] Recieved event: { nil = Down, nil = table: 0x93ad40, nil = false, nil = 258.0, nil = function: 0x918700, nil = 1, nil = function: 0x918520,}
DEBUG [configuration.lua:63] <Down> -> navigate_down
NOTICE [action.lua:87] emitting event: item selection down
INFO [/home/linuxbrew/.linuxbrew/share/lua/5.3/ltui/view.lua:462] <view(choicebox.value.1) [0, 0, 90, 1]>: mark as redraw
INFO [/home/linuxbrew/.linuxbrew/share/lua/5.3/ltui/view.lua:462] <view(choicebox.value.2) [0, 1, 90, 2]>: mark as redraw
INFO [/home/linuxbrew/.linuxbrew/share/lua/5.3/ltui/view.lua:184] <view(choicebox.value.1) [0, 0, 90, 1]>: draw (transparent: nil) ..
INFO [/home/linuxbrew/.linuxbrew/share/lua/5.3/ltui/view.lua:184] <view(choicebox.value.2) [0, 1, 90, 2]>: draw (transparent: nil) ..
INFO [/home/linuxbrew/.linuxbrew/share/lua/5.3/ltui/view.lua:215] <view(choicebox.value.1) [0, 0, 90, 1]>: refresh to necromancy.itembrowser(0, 0, 90, 1) ..
INFO [/home/linuxbrew/.linuxbrew/share/lua/5.3/ltui/view.lua:215] <view(choicebox.value.2) [0, 1, 90, 2]>: refresh to necromancy.itembrowser(0, 1, 90, 2) ..
INFO [/home/linuxbrew/.linuxbrew/share/lua/5.3/ltui/view.lua:215] <panel(necromancy.itembrowser) [1, 1, 91, 24]>: refresh to window.panel(1, 1, 89, 22) ..
INFO [/home/linuxbrew/.linuxbrew/share/lua/5.3/ltui/view.lua:215] <panel(window.panel) [1, 1, 90, 23]>: refresh to window.frame(1, 1, 90, 23) ..
INFO [/home/linuxbrew/.linuxbrew/share/lua/5.3/ltui/view.lua:215] <panel(window.frame) [0, 0, 91, 24]>: refresh to window.body(0, 0, 91, 24) ..
INFO [/home/linuxbrew/.linuxbrew/share/lua/5.3/ltui/view.lua:215] <panel(window.body) [1, 1, 92, 25]>: refresh to necromancy(1, 1, 92, 25) ..
INFO [/home/linuxbrew/.linuxbrew/share/lua/5.3/ltui/program.lua:273] <panel(necromancy) [0, 0, 93, 26]>: refresh ..
INFO [/home/linuxbrew/.linuxbrew/share/lua/5.3/ltui/program.lua:479] cursor(<view(choicebox.value.2) [0, 1, 90, 2]>): (3, 4), 1
INFO [necromancy.lua:163] Recieved event: { nil = table: 0x93b270, nil = function: 0x918700, nil = 5, nil = function: 0x918520,}
INFO [necromancy.lua:163] Recieved event: { nil = table: 0x93b270, nil = function: 0x918700, nil = 5, nil = function: 0x918520,}
INFO [necromancy.lua:163] Recieved event: { nil = table: 0x93b270, nil = function: 0x918700, nil = 5, nil = function: 0x918520,}
INFO [necromancy.lua:163] Recieved event: { nil = table: 0x93b270, nil = function: 0x918700, nil = 5, nil = function: 0x918520,}
INFO [/home/linuxbrew/.linuxbrew/share/lua/5.3/ltui/event.lua:57] event(key): Down 258.0 ..
INFO [necromancy.lua:163] Recieved event: { nil = Down, nil = table: 0x93ad40, nil = false, nil = 258.0, nil = function: 0x918700, nil = 1, nil = function: 0x918520,}
DEBUG [configuration.lua:63] <Down> -> navigate_down
NOTICE [action.lua:87] emitting event: item selection down
INFO [/home/linuxbrew/.linuxbrew/share/lua/5.3/ltui/view.lua:462] <view(choicebox.value.2) [0, 1, 90, 2]>: mark as redraw
INFO [/home/linuxbrew/.linuxbrew/share/lua/5.3/ltui/view.lua:462] <view(choicebox.value.3) [0, 2, 90, 3]>: mark as redraw
INFO [/home/linuxbrew/.linuxbrew/share/lua/5.3/ltui/view.lua:184] <view(choicebox.value.2) [0, 1, 90, 2]>: draw (transparent: nil) ..
INFO [/home/linuxbrew/.linuxbrew/share/lua/5.3/ltui/view.lua:184] <view(choicebox.value.3) [0, 2, 90, 3]>: draw (transparent: nil) ..
INFO [/home/linuxbrew/.linuxbrew/share/lua/5.3/ltui/view.lua:215] <view(choicebox.value.2) [0, 1, 90, 2]>: refresh to necromancy.itembrowser(0, 1, 90, 2) ..
INFO [/home/linuxbrew/.linuxbrew/share/lua/5.3/ltui/view.lua:215] <view(choicebox.value.3) [0, 2, 90, 3]>: refresh to necromancy.itembrowser(0, 2, 90, 3) ..
INFO [/home/linuxbrew/.linuxbrew/share/lua/5.3/ltui/view.lua:215] <panel(necromancy.itembrowser) [1, 1, 91, 24]>: refresh to window.panel(1, 1, 89, 22) ..
INFO [/home/linuxbrew/.linuxbrew/share/lua/5.3/ltui/view.lua:215] <panel(window.panel) [1, 1, 90, 23]>: refresh to window.frame(1, 1, 90, 23) ..
INFO [/home/linuxbrew/.linuxbrew/share/lua/5.3/ltui/view.lua:215] <panel(window.frame) [0, 0, 91, 24]>: refresh to window.body(0, 0, 91, 24) ..
INFO [/home/linuxbrew/.linuxbrew/share/lua/5.3/ltui/view.lua:215] <panel(window.body) [1, 1, 92, 25]>: refresh to necromancy(1, 1, 92, 25) ..
INFO [/home/linuxbrew/.linuxbrew/share/lua/5.3/ltui/program.lua:273] <panel(necromancy) [0, 0, 93, 26]>: refresh ..
INFO [/home/linuxbrew/.linuxbrew/share/lua/5.3/ltui/program.lua:479] cursor(<view(choicebox.value.3) [0, 2, 90, 3]>): (3, 5), 1
INFO [necromancy.lua:163] Recieved event: { nil = table: 0x93b270, nil = function: 0x918700, nil = 5, nil = function: 0x918520,}
INFO [necromancy.lua:163] Recieved event: { nil = table: 0x93b270, nil = function: 0x918700, nil = 5, nil = function: 0x918520,}
INFO [necromancy.lua:163] Recieved event: { nil = table: 0x93b270, nil = function: 0x918700, nil = 5, nil = function: 0x918520,}
INFO [necromancy.lua:163] Recieved event: { nil = table: 0x93b270, nil = function: 0x918700, nil = 5, nil = function: 0x918520,}
INFO [necromancy.lua:163] Recieved event: { nil = table: 0x93b270, nil = function: 0x918700, nil = 5, nil = function: 0x918520,}
INFO [necromancy.lua:163] Recieved event: { nil = table: 0x93b270, nil = function: 0x918700, nil = 5, nil = function: 0x918520,}
INFO [necromancy.lua:163] Recieved event: { nil = table: 0x93b270, nil = function: 0x918700, nil = 5, nil = function: 0x918520,}
INFO [necromancy.lua:163] Recieved event: { nil = table: 0x93b270, nil = function: 0x918700, nil = 5, nil = function: 0x918520,}
INFO [/home/linuxbrew/.linuxbrew/share/lua/5.3/ltui/event.lua:57] event(key): Down 258.0 ..
INFO [necromancy.lua:163] Recieved event: { nil = Down, nil = table: 0x93ad40, nil = false, nil = 258.0, nil = function: 0x918700, nil = 1, nil = function: 0x918520,}
DEBUG [configuration.lua:63] <Down> -> navigate_down
NOTICE [action.lua:87] emitting event: item selection down
INFO [/home/linuxbrew/.linuxbrew/share/lua/5.3/ltui/view.lua:462] <view(choicebox.value.3) [0, 2, 90, 3]>: mark as redraw
INFO [/home/linuxbrew/.linuxbrew/share/lua/5.3/ltui/view.lua:462] <view(choicebox.value.4) [0, 3, 90, 4]>: mark as redraw
INFO [/home/linuxbrew/.linuxbrew/share/lua/5.3/ltui/view.lua:184] <view(choicebox.value.3) [0, 2, 90, 3]>: draw (transparent: nil) ..
INFO [/home/linuxbrew/.linuxbrew/share/lua/5.3/ltui/view.lua:184] <view(choicebox.value.4) [0, 3, 90, 4]>: draw (transparent: nil) ..
INFO [/home/linuxbrew/.linuxbrew/share/lua/5.3/ltui/view.lua:215] <view(choicebox.value.3) [0, 2, 90, 3]>: refresh to necromancy.itembrowser(0, 2, 90, 3) ..
INFO [/home/linuxbrew/.linuxbrew/share/lua/5.3/ltui/view.lua:215] <view(choicebox.value.4) [0, 3, 90, 4]>: refresh to necromancy.itembrowser(0, 3, 90, 4) ..
INFO [/home/linuxbrew/.linuxbrew/share/lua/5.3/ltui/view.lua:215] <panel(necromancy.itembrowser) [1, 1, 91, 24]>: refresh to window.panel(1, 1, 89, 22) ..
INFO [/home/linuxbrew/.linuxbrew/share/lua/5.3/ltui/view.lua:215] <panel(window.panel) [1, 1, 90, 23]>: refresh to window.frame(1, 1, 90, 23) ..
INFO [/home/linuxbrew/.linuxbrew/share/lua/5.3/ltui/view.lua:215] <panel(window.frame) [0, 0, 91, 24]>: refresh to window.body(0, 0, 91, 24) ..
INFO [/home/linuxbrew/.linuxbrew/share/lua/5.3/ltui/view.lua:215] <panel(window.body) [1, 1, 92, 25]>: refresh to necromancy(1, 1, 92, 25) ..
INFO [/home/linuxbrew/.linuxbrew/share/lua/5.3/ltui/program.lua:273] <panel(necromancy) [0, 0, 93, 26]>: refresh ..
INFO [/home/linuxbrew/.linuxbrew/share/lua/5.3/ltui/program.lua:479] cursor(<view(choicebox.value.4) [0, 3, 90, 4]>): (3, 6), 1
INFO [necromancy.lua:163] Recieved event: { nil = table: 0x93b270, nil = function: 0x918700, nil = 5, nil = function: 0x918520,}
INFO [necromancy.lua:163] Recieved event: { nil = table: 0x93b270, nil = function: 0x918700, nil = 5, nil = function: 0x918520,}
INFO [necromancy.lua:163] Recieved event: { nil = table: 0x93b270, nil = function: 0x918700, nil = 5, nil = function: 0x918520,}
INFO [necromancy.lua:163] Recieved event: { nil = table: 0x93b270, nil = function: 0x918700, nil = 5, nil = function: 0x918520,}
INFO [necromancy.lua:163] Recieved event: { nil = table: 0x93b270, nil = function: 0x918700, nil = 5, nil = function: 0x918520,}
INFO [/home/linuxbrew/.linuxbrew/share/lua/5.3/ltui/event.lua:57] event(key): Down 258.0 ..
INFO [necromancy.lua:163] Recieved event: { nil = Down, nil = table: 0x93ad40, nil = false, nil = 258.0, nil = function: 0x918700, nil = 1, nil = function: 0x918520,}
DEBUG [configuration.lua:63] <Down> -> navigate_down
NOTICE [action.lua:87] emitting event: item selection down
INFO [/home/linuxbrew/.linuxbrew/share/lua/5.3/ltui/view.lua:462] <view(choicebox.value.4) [0, 3, 90, 4]>: mark as redraw
INFO [/home/linuxbrew/.linuxbrew/share/lua/5.3/ltui/view.lua:462] <view(choicebox.value.5) [0, 4, 90, 5]>: mark as redraw
INFO [/home/linuxbrew/.linuxbrew/share/lua/5.3/ltui/view.lua:184] <view(choicebox.value.4) [0, 3, 90, 4]>: draw (transparent: nil) ..
INFO [/home/linuxbrew/.linuxbrew/share/lua/5.3/ltui/view.lua:184] <view(choicebox.value.5) [0, 4, 90, 5]>: draw (transparent: nil) ..
INFO [/home/linuxbrew/.linuxbrew/share/lua/5.3/ltui/view.lua:215] <view(choicebox.value.4) [0, 3, 90, 4]>: refresh to necromancy.itembrowser(0, 3, 90, 4) ..
INFO [/home/linuxbrew/.linuxbrew/share/lua/5.3/ltui/view.lua:215] <view(choicebox.value.5) [0, 4, 90, 5]>: refresh to necromancy.itembrowser(0, 4, 90, 5) ..
INFO [/home/linuxbrew/.linuxbrew/share/lua/5.3/ltui/view.lua:215] <panel(necromancy.itembrowser) [1, 1, 91, 24]>: refresh to window.panel(1, 1, 89, 22) ..
INFO [/home/linuxbrew/.linuxbrew/share/lua/5.3/ltui/view.lua:215] <panel(window.panel) [1, 1, 90, 23]>: refresh to window.frame(1, 1, 90, 23) ..
INFO [/home/linuxbrew/.linuxbrew/share/lua/5.3/ltui/view.lua:215] <panel(window.frame) [0, 0, 91, 24]>: refresh to window.body(0, 0, 91, 24) ..
INFO [/home/linuxbrew/.linuxbrew/share/lua/5.3/ltui/view.lua:215] <panel(window.body) [1, 1, 92, 25]>: refresh to necromancy(1, 1, 92, 25) ..
INFO [/home/linuxbrew/.linuxbrew/share/lua/5.3/ltui/program.lua:273] <panel(necromancy) [0, 0, 93, 26]>: refresh ..
INFO [/home/linuxbrew/.linuxbrew/share/lua/5.3/ltui/program.lua:479] cursor(<view(choicebox.value.5) [0, 4, 90, 5]>): (3, 7), 1
INFO [necromancy.lua:163] Recieved event: { nil = table: 0x93b270, nil = function: 0x918700, nil = 5, nil = function: 0x918520,}
INFO [necromancy.lua:163] Recieved event: { nil = table: 0x93b270, nil = function: 0x918700, nil = 5, nil = function: 0x918520,}
INFO [necromancy.lua:163] Recieved event: { nil = table: 0x93b270, nil = function: 0x918700, nil = 5, nil = function: 0x918520,}
INFO [necromancy.lua:163] Recieved event: { nil = table: 0x93b270, nil = function: 0x918700, nil = 5, nil = function: 0x918520,}
INFO [/home/linuxbrew/.linuxbrew/share/lua/5.3/ltui/event.lua:57] event(key): Down 258.0 ..
INFO [necromancy.lua:163] Recieved event: { nil = Down, nil = table: 0x93ad40, nil = false, nil = 258.0, nil = function: 0x918700, nil = 1, nil = function: 0x918520,}
DEBUG [configuration.lua:63] <Down> -> navigate_down
NOTICE [action.lua:87] emitting event: item selection down
INFO [/home/linuxbrew/.linuxbrew/share/lua/5.3/ltui/view.lua:462] <view(choicebox.value.5) [0, 4, 90, 5]>: mark as redraw
INFO [/home/linuxbrew/.linuxbrew/share/lua/5.3/ltui/view.lua:462] <view(choicebox.value.6) [0, 5, 90, 6]>: mark as redraw
INFO [/home/linuxbrew/.linuxbrew/share/lua/5.3/ltui/view.lua:184] <view(choicebox.value.5) [0, 4, 90, 5]>: draw (transparent: nil) ..
INFO [/home/linuxbrew/.linuxbrew/share/lua/5.3/ltui/view.lua:184] <view(choicebox.value.6) [0, 5, 90, 6]>: draw (transparent: nil) ..
INFO [/home/linuxbrew/.linuxbrew/share/lua/5.3/ltui/view.lua:215] <view(choicebox.value.5) [0, 4, 90, 5]>: refresh to necromancy.itembrowser(0, 4, 90, 5) ..
INFO [/home/linuxbrew/.linuxbrew/share/lua/5.3/ltui/view.lua:215] <view(choicebox.value.6) [0, 5, 90, 6]>: refresh to necromancy.itembrowser(0, 5, 90, 6) ..
INFO [/home/linuxbrew/.linuxbrew/share/lua/5.3/ltui/view.lua:215] <panel(necromancy.itembrowser) [1, 1, 91, 24]>: refresh to window.panel(1, 1, 89, 22) ..
INFO [/home/linuxbrew/.linuxbrew/share/lua/5.3/ltui/view.lua:215] <panel(window.panel) [1, 1, 90, 23]>: refresh to window.frame(1, 1, 90, 23) ..
INFO [/home/linuxbrew/.linuxbrew/share/lua/5.3/ltui/view.lua:215] <panel(window.frame) [0, 0, 91, 24]>: refresh to window.body(0, 0, 91, 24) ..
INFO [/home/linuxbrew/.linuxbrew/share/lua/5.3/ltui/view.lua:215] <panel(window.body) [1, 1, 92, 25]>: refresh to necromancy(1, 1, 92, 25) ..
INFO [/home/linuxbrew/.linuxbrew/share/lua/5.3/ltui/program.lua:273] <panel(necromancy) [0, 0, 93, 26]>: refresh ..
INFO [/home/linuxbrew/.linuxbrew/share/lua/5.3/ltui/program.lua:479] cursor(<view(choicebox.value.6) [0, 5, 90, 6]>): (3, 8), 1
INFO [necromancy.lua:163] Recieved event: { nil = table: 0x93b270, nil = function: 0x918700, nil = 5, nil = function: 0x918520,}
INFO [necromancy.lua:163] Recieved event: { nil = table: 0x93b270, nil = function: 0x918700, nil = 5, nil = function: 0x918520,}
INFO [necromancy.lua:163] Recieved event: { nil = table: 0x93b270, nil = function: 0x918700, nil = 5, nil = function: 0x918520,}
INFO [necromancy.lua:163] Recieved event: { nil = table: 0x93b270, nil = function: 0x918700, nil = 5, nil = function: 0x918520,}
INFO [necromancy.lua:163] Recieved event: { nil = table: 0x93b270, nil = function: 0x918700, nil = 5, nil = function: 0x918520,}
INFO [necromancy.lua:163] Recieved event: { nil = table: 0x93b270, nil = function: 0x918700, nil = 5, nil = function: 0x918520,}
INFO [necromancy.lua:163] Recieved event: { nil = table: 0x93b270, nil = function: 0x918700, nil = 5, nil = function: 0x918520,}
INFO [necromancy.lua:163] Recieved event: { nil = table: 0x93b270, nil = function: 0x918700, nil = 5, nil = function: 0x918520,}
INFO [necromancy.lua:163] Recieved event: { nil = table: 0x93b270, nil = function: 0x918700, nil = 5, nil = function: 0x918520,}
INFO [necromancy.lua:163] Recieved event: { nil = table: 0x93b270, nil = function: 0x918700, nil = 5, nil = function: 0x918520,}
INFO [/home/linuxbrew/.linuxbrew/share/lua/5.3/ltui/event.lua:57] event(key): Down 258.0 ..
INFO [necromancy.lua:163] Recieved event: { nil = Down, nil = table: 0x93ad40, nil = false, nil = 258.0, nil = function: 0x918700, nil = 1, nil = function: 0x918520,}
DEBUG [configuration.lua:63] <Down> -> navigate_down
NOTICE [action.lua:87] emitting event: item selection down
INFO [/home/linuxbrew/.linuxbrew/share/lua/5.3/ltui/view.lua:462] <view(choicebox.value.6) [0, 5, 90, 6]>: mark as redraw
INFO [/home/linuxbrew/.linuxbrew/share/lua/5.3/ltui/view.lua:462] <view(choicebox.value.7) [0, 6, 90, 7]>: mark as redraw
INFO [/home/linuxbrew/.linuxbrew/share/lua/5.3/ltui/view.lua:184] <view(choicebox.value.6) [0, 5, 90, 6]>: draw (transparent: nil) ..
INFO [/home/linuxbrew/.linuxbrew/share/lua/5.3/ltui/view.lua:184] <view(choicebox.value.7) [0, 6, 90, 7]>: draw (transparent: nil) ..
INFO [/home/linuxbrew/.linuxbrew/share/lua/5.3/ltui/view.lua:215] <view(choicebox.value.6) [0, 5, 90, 6]>: refresh to necromancy.itembrowser(0, 5, 90, 6) ..
INFO [/home/linuxbrew/.linuxbrew/share/lua/5.3/ltui/view.lua:215] <view(choicebox.value.7) [0, 6, 90, 7]>: refresh to necromancy.itembrowser(0, 6, 90, 7) ..
INFO [/home/linuxbrew/.linuxbrew/share/lua/5.3/ltui/view.lua:215] <panel(necromancy.itembrowser) [1, 1, 91, 24]>: refresh to window.panel(1, 1, 89, 22) ..
INFO [/home/linuxbrew/.linuxbrew/share/lua/5.3/ltui/view.lua:215] <panel(window.panel) [1, 1, 90, 23]>: refresh to window.frame(1, 1, 90, 23) ..
INFO [/home/linuxbrew/.linuxbrew/share/lua/5.3/ltui/view.lua:215] <panel(window.frame) [0, 0, 91, 24]>: refresh to window.body(0, 0, 91, 24) ..
INFO [/home/linuxbrew/.linuxbrew/share/lua/5.3/ltui/view.lua:215] <panel(window.body) [1, 1, 92, 25]>: refresh to necromancy(1, 1, 92, 25) ..
INFO [/home/linuxbrew/.linuxbrew/share/lua/5.3/ltui/program.lua:273] <panel(necromancy) [0, 0, 93, 26]>: refresh ..
INFO [/home/linuxbrew/.linuxbrew/share/lua/5.3/ltui/program.lua:479] cursor(<view(choicebox.value.7) [0, 6, 90, 7]>): (3, 9), 1
INFO [/home/linuxbrew/.linuxbrew/share/lua/5.3/ltui/event.lua:57] event(key): Down 258.0 ..
INFO [necromancy.lua:163] Recieved event: { nil = Down, nil = table: 0x93ad40, nil = false, nil = 258.0, nil = function: 0x918700, nil = 1, nil = function: 0x918520,}
DEBUG [configuration.lua:63] <Down> -> navigate_down
NOTICE [action.lua:87] emitting event: item selection down
INFO [/home/linuxbrew/.linuxbrew/share/lua/5.3/ltui/view.lua:462] <view(choicebox.value.7) [0, 6, 90, 7]>: mark as redraw
INFO [/home/linuxbrew/.linuxbrew/share/lua/5.3/ltui/view.lua:462] <view(choicebox.value.8) [0, 7, 90, 8]>: mark as redraw
INFO [/home/linuxbrew/.linuxbrew/share/lua/5.3/ltui/view.lua:184] <view(choicebox.value.7) [0, 6, 90, 7]>: draw (transparent: nil) ..
INFO [/home/linuxbrew/.linuxbrew/share/lua/5.3/ltui/view.lua:184] <view(choicebox.value.8) [0, 7, 90, 8]>: draw (transparent: nil) ..
INFO [/home/linuxbrew/.linuxbrew/share/lua/5.3/ltui/view.lua:215] <view(choicebox.value.7) [0, 6, 90, 7]>: refresh to necromancy.itembrowser(0, 6, 90, 7) ..
INFO [/home/linuxbrew/.linuxbrew/share/lua/5.3/ltui/view.lua:215] <view(choicebox.value.8) [0, 7, 90, 8]>: refresh to necromancy.itembrowser(0, 7, 90, 8) ..
INFO [/home/linuxbrew/.linuxbrew/share/lua/5.3/ltui/view.lua:215] <panel(necromancy.itembrowser) [1, 1, 91, 24]>: refresh to window.panel(1, 1, 89, 22) ..
INFO [/home/linuxbrew/.linuxbrew/share/lua/5.3/ltui/view.lua:215] <panel(window.panel) [1, 1, 90, 23]>: refresh to window.frame(1, 1, 90, 23) ..
INFO [/home/linuxbrew/.linuxbrew/share/lua/5.3/ltui/view.lua:215] <panel(window.frame) [0, 0, 91, 24]>: refresh to window.body(0, 0, 91, 24) ..
INFO [/home/linuxbrew/.linuxbrew/share/lua/5.3/ltui/view.lua:215] <panel(window.body) [1, 1, 92, 25]>: refresh to necromancy(1, 1, 92, 25) ..
INFO [/home/linuxbrew/.linuxbrew/share/lua/5.3/ltui/program.lua:273] <panel(necromancy) [0, 0, 93, 26]>: refresh ..
INFO [/home/linuxbrew/.linuxbrew/share/lua/5.3/ltui/program.lua:479] cursor(<view(choicebox.value.8) [0, 7, 90, 8]>): (3, 10), 1
INFO [necromancy.lua:163] Recieved event: { nil = table: 0x93b270, nil = function: 0x918700, nil = 5, nil = function: 0x918520,}
INFO [necromancy.lua:163] Recieved event: { nil = table: 0x93b270, nil = function: 0x918700, nil = 5, nil = function: 0x918520,}
INFO [/home/linuxbrew/.linuxbrew/share/lua/5.3/ltui/event.lua:57] event(key): Down 258.0 ..
INFO [necromancy.lua:163] Recieved event: { nil = Down, nil = table: 0x93ad40, nil = false, nil = 258.0, nil = function: 0x918700, nil = 1, nil = function: 0x918520,}
DEBUG [configuration.lua:63] <Down> -> navigate_down
NOTICE [action.lua:87] emitting event: item selection down
INFO [/home/linuxbrew/.linuxbrew/share/lua/5.3/ltui/view.lua:462] <view(choicebox.value.8) [0, 7, 90, 8]>: mark as redraw
INFO [/home/linuxbrew/.linuxbrew/share/lua/5.3/ltui/view.lua:462] <view(choicebox.value.9) [0, 8, 90, 9]>: mark as redraw
INFO [/home/linuxbrew/.linuxbrew/share/lua/5.3/ltui/view.lua:184] <view(choicebox.value.8) [0, 7, 90, 8]>: draw (transparent: nil) ..
INFO [/home/linuxbrew/.linuxbrew/share/lua/5.3/ltui/view.lua:184] <view(choicebox.value.9) [0, 8, 90, 9]>: draw (transparent: nil) ..
INFO [/home/linuxbrew/.linuxbrew/share/lua/5.3/ltui/view.lua:215] <view(choicebox.value.8) [0, 7, 90, 8]>: refresh to necromancy.itembrowser(0, 7, 90, 8) ..
INFO [/home/linuxbrew/.linuxbrew/share/lua/5.3/ltui/view.lua:215] <view(choicebox.value.9) [0, 8, 90, 9]>: refresh to necromancy.itembrowser(0, 8, 90, 9) ..
INFO [/home/linuxbrew/.linuxbrew/share/lua/5.3/ltui/view.lua:215] <panel(necromancy.itembrowser) [1, 1, 91, 24]>: refresh to window.panel(1, 1, 89, 22) ..
INFO [/home/linuxbrew/.linuxbrew/share/lua/5.3/ltui/view.lua:215] <panel(window.panel) [1, 1, 90, 23]>: refresh to window.frame(1, 1, 90, 23) ..
INFO [/home/linuxbrew/.linuxbrew/share/lua/5.3/ltui/view.lua:215] <panel(window.frame) [0, 0, 91, 24]>: refresh to window.body(0, 0, 91, 24) ..
INFO [/home/linuxbrew/.linuxbrew/share/lua/5.3/ltui/view.lua:215] <panel(window.body) [1, 1, 92, 25]>: refresh to necromancy(1, 1, 92, 25) ..
INFO [/home/linuxbrew/.linuxbrew/share/lua/5.3/ltui/program.lua:273] <panel(necromancy) [0, 0, 93, 26]>: refresh ..
INFO [/home/linuxbrew/.linuxbrew/share/lua/5.3/ltui/program.lua:479] cursor(<view(choicebox.value.9) [0, 8, 90, 9]>): (3, 11), 1
INFO [/home/linuxbrew/.linuxbrew/share/lua/5.3/ltui/event.lua:57] event(key): Down 258.0 ..
INFO [necromancy.lua:163] Recieved event: { nil = Down, nil = table: 0x93ad40, nil = false, nil = 258.0, nil = function: 0x918700, nil = 1, nil = function: 0x918520,}
DEBUG [configuration.lua:63] <Down> -> navigate_down
NOTICE [action.lua:87] emitting event: item selection down
INFO [/home/linuxbrew/.linuxbrew/share/lua/5.3/ltui/view.lua:462] <view(choicebox.value.9) [0, 8, 90, 9]>: mark as redraw
INFO [/home/linuxbrew/.linuxbrew/share/lua/5.3/ltui/view.lua:462] <view(choicebox.value.10) [0, 9, 90, 10]>: mark as redraw
INFO [/home/linuxbrew/.linuxbrew/share/lua/5.3/ltui/view.lua:184] <view(choicebox.value.9) [0, 8, 90, 9]>: draw (transparent: nil) ..
INFO [/home/linuxbrew/.linuxbrew/share/lua/5.3/ltui/view.lua:184] <view(choicebox.value.10) [0, 9, 90, 10]>: draw (transparent: nil) ..
INFO [/home/linuxbrew/.linuxbrew/share/lua/5.3/ltui/view.lua:215] <view(choicebox.value.9) [0, 8, 90, 9]>: refresh to necromancy.itembrowser(0, 8, 90, 9) ..
INFO [/home/linuxbrew/.linuxbrew/share/lua/5.3/ltui/view.lua:215] <view(choicebox.value.10) [0, 9, 90, 10]>: refresh to necromancy.itembrowser(0, 9, 90, 10) ..
INFO [/home/linuxbrew/.linuxbrew/share/lua/5.3/ltui/view.lua:215] <panel(necromancy.itembrowser) [1, 1, 91, 24]>: refresh to window.panel(1, 1, 89, 22) ..
INFO [/home/linuxbrew/.linuxbrew/share/lua/5.3/ltui/view.lua:215] <panel(window.panel) [1, 1, 90, 23]>: refresh to window.frame(1, 1, 90, 23) ..
INFO [/home/linuxbrew/.linuxbrew/share/lua/5.3/ltui/view.lua:215] <panel(window.frame) [0, 0, 91, 24]>: refresh to window.body(0, 0, 91, 24) ..
INFO [/home/linuxbrew/.linuxbrew/share/lua/5.3/ltui/view.lua:215] <panel(window.body) [1, 1, 92, 25]>: refresh to necromancy(1, 1, 92, 25) ..
INFO [/home/linuxbrew/.linuxbrew/share/lua/5.3/ltui/program.lua:273] <panel(necromancy) [0, 0, 93, 26]>: refresh ..
INFO [/home/linuxbrew/.linuxbrew/share/lua/5.3/ltui/program.lua:479] cursor(<view(choicebox.value.10) [0, 9, 90, 10]>): (3, 12), 1
INFO [necromancy.lua:163] Recieved event: { nil = table: 0x93b270, nil = function: 0x918700, nil = 5, nil = function: 0x918520,}
INFO [/home/linuxbrew/.linuxbrew/share/lua/5.3/ltui/event.lua:57] event(key): Down 258.0 ..
INFO [necromancy.lua:163] Recieved event: { nil = Down, nil = table: 0x93ad40, nil = false, nil = 258.0, nil = function: 0x918700, nil = 1, nil = function: 0x918520,}
DEBUG [configuration.lua:63] <Down> -> navigate_down
NOTICE [action.lua:87] emitting event: item selection down
INFO [/home/linuxbrew/.linuxbrew/share/lua/5.3/ltui/view.lua:462] <view(choicebox.value.10) [0, 9, 90, 10]>: mark as redraw
INFO [/home/linuxbrew/.linuxbrew/share/lua/5.3/ltui/view.lua:462] <view(choicebox.value.11) [0, 10, 90, 11]>: mark as redraw
INFO [/home/linuxbrew/.linuxbrew/share/lua/5.3/ltui/view.lua:184] <view(choicebox.value.10) [0, 9, 90, 10]>: draw (transparent: nil) ..
INFO [/home/linuxbrew/.linuxbrew/share/lua/5.3/ltui/view.lua:184] <view(choicebox.value.11) [0, 10, 90, 11]>: draw (transparent: nil) ..
INFO [/home/linuxbrew/.linuxbrew/share/lua/5.3/ltui/view.lua:215] <view(choicebox.value.10) [0, 9, 90, 10]>: refresh to necromancy.itembrowser(0, 9, 90, 10) ..
INFO [/home/linuxbrew/.linuxbrew/share/lua/5.3/ltui/view.lua:215] <view(choicebox.value.11) [0, 10, 90, 11]>: refresh to necromancy.itembrowser(0, 10, 90, 11) ..
INFO [/home/linuxbrew/.linuxbrew/share/lua/5.3/ltui/view.lua:215] <panel(necromancy.itembrowser) [1, 1, 91, 24]>: refresh to window.panel(1, 1, 89, 22) ..
INFO [/home/linuxbrew/.linuxbrew/share/lua/5.3/ltui/view.lua:215] <panel(window.panel) [1, 1, 90, 23]>: refresh to window.frame(1, 1, 90, 23) ..
INFO [/home/linuxbrew/.linuxbrew/share/lua/5.3/ltui/view.lua:215] <panel(window.frame) [0, 0, 91, 24]>: refresh to window.body(0, 0, 91, 24) ..
INFO [/home/linuxbrew/.linuxbrew/share/lua/5.3/ltui/view.lua:215] <panel(window.body) [1, 1, 92, 25]>: refresh to necromancy(1, 1, 92, 25) ..
INFO [/home/linuxbrew/.linuxbrew/share/lua/5.3/ltui/program.lua:273] <panel(necromancy) [0, 0, 93, 26]>: refresh ..
INFO [/home/linuxbrew/.linuxbrew/share/lua/5.3/ltui/program.lua:479] cursor(<view(choicebox.value.11) [0, 10, 90, 11]>): (3, 13), 1
INFO [necromancy.lua:163] Recieved event: { nil = table: 0x93b270, nil = function: 0x918700, nil = 5, nil = function: 0x918520,}
INFO [/home/linuxbrew/.linuxbrew/share/lua/5.3/ltui/event.lua:57] event(key): Down 258.0 ..
INFO [necromancy.lua:163] Recieved event: { nil = Down, nil = table: 0x93ad40, nil = false, nil = 258.0, nil = function: 0x918700, nil = 1, nil = function: 0x918520,}
DEBUG [configuration.lua:63] <Down> -> navigate_down
NOTICE [action.lua:87] emitting event: item selection down
INFO [/home/linuxbrew/.linuxbrew/share/lua/5.3/ltui/view.lua:462] <view(choicebox.value.11) [0, 10, 90, 11]>: mark as redraw
INFO [/home/linuxbrew/.linuxbrew/share/lua/5.3/ltui/view.lua:462] <view(choicebox.value.12) [0, 11, 90, 12]>: mark as redraw
INFO [/home/linuxbrew/.linuxbrew/share/lua/5.3/ltui/view.lua:184] <view(choicebox.value.11) [0, 10, 90, 11]>: draw (transparent: nil) ..
INFO [/home/linuxbrew/.linuxbrew/share/lua/5.3/ltui/view.lua:184] <view(choicebox.value.12) [0, 11, 90, 12]>: draw (transparent: nil) ..
INFO [/home/linuxbrew/.linuxbrew/share/lua/5.3/ltui/view.lua:215] <view(choicebox.value.11) [0, 10, 90, 11]>: refresh to necromancy.itembrowser(0, 10, 90, 11) ..
INFO [/home/linuxbrew/.linuxbrew/share/lua/5.3/ltui/view.lua:215] <view(choicebox.value.12) [0, 11, 90, 12]>: refresh to necromancy.itembrowser(0, 11, 90, 12) ..
INFO [/home/linuxbrew/.linuxbrew/share/lua/5.3/ltui/view.lua:215] <panel(necromancy.itembrowser) [1, 1, 91, 24]>: refresh to window.panel(1, 1, 89, 22) ..
INFO [/home/linuxbrew/.linuxbrew/share/lua/5.3/ltui/view.lua:215] <panel(window.panel) [1, 1, 90, 23]>: refresh to window.frame(1, 1, 90, 23) ..
INFO [/home/linuxbrew/.linuxbrew/share/lua/5.3/ltui/view.lua:215] <panel(window.frame) [0, 0, 91, 24]>: refresh to window.body(0, 0, 91, 24) ..
INFO [/home/linuxbrew/.linuxbrew/share/lua/5.3/ltui/view.lua:215] <panel(window.body) [1, 1, 92, 25]>: refresh to necromancy(1, 1, 92, 25) ..
INFO [/home/linuxbrew/.linuxbrew/share/lua/5.3/ltui/program.lua:273] <panel(necromancy) [0, 0, 93, 26]>: refresh ..
INFO [/home/linuxbrew/.linuxbrew/share/lua/5.3/ltui/program.lua:479] cursor(<view(choicebox.value.12) [0, 11, 90, 12]>): (3, 14), 1
INFO [necromancy.lua:163] Recieved event: { nil = table: 0x93b270, nil = function: 0x918700, nil = 5, nil = function: 0x918520,}
INFO [/home/linuxbrew/.linuxbrew/share/lua/5.3/ltui/event.lua:57] event(key): Down 258.0 ..
INFO [necromancy.lua:163] Recieved event: { nil = Down, nil = table: 0x93ad40, nil = false, nil = 258.0, nil = function: 0x918700, nil = 1, nil = function: 0x918520,}
DEBUG [configuration.lua:63] <Down> -> navigate_down
NOTICE [action.lua:87] emitting event: item selection down
INFO [/home/linuxbrew/.linuxbrew/share/lua/5.3/ltui/view.lua:462] <view(choicebox.value.12) [0, 11, 90, 12]>: mark as redraw
INFO [/home/linuxbrew/.linuxbrew/share/lua/5.3/ltui/view.lua:462] <view(choicebox.value.13) [0, 12, 90, 13]>: mark as redraw
INFO [/home/linuxbrew/.linuxbrew/share/lua/5.3/ltui/view.lua:184] <view(choicebox.value.12) [0, 11, 90, 12]>: draw (transparent: nil) ..
INFO [/home/linuxbrew/.linuxbrew/share/lua/5.3/ltui/view.lua:184] <view(choicebox.value.13) [0, 12, 90, 13]>: draw (transparent: nil) ..
INFO [/home/linuxbrew/.linuxbrew/share/lua/5.3/ltui/view.lua:215] <view(choicebox.value.12) [0, 11, 90, 12]>: refresh to necromancy.itembrowser(0, 11, 90, 12) ..
INFO [/home/linuxbrew/.linuxbrew/share/lua/5.3/ltui/view.lua:215] <view(choicebox.value.13) [0, 12, 90, 13]>: refresh to necromancy.itembrowser(0, 12, 90, 13) ..
INFO [/home/linuxbrew/.linuxbrew/share/lua/5.3/ltui/view.lua:215] <panel(necromancy.itembrowser) [1, 1, 91, 24]>: refresh to window.panel(1, 1, 89, 22) ..
INFO [/home/linuxbrew/.linuxbrew/share/lua/5.3/ltui/view.lua:215] <panel(window.panel) [1, 1, 90, 23]>: refresh to window.frame(1, 1, 90, 23) ..
INFO [/home/linuxbrew/.linuxbrew/share/lua/5.3/ltui/view.lua:215] <panel(window.frame) [0, 0, 91, 24]>: refresh to window.body(0, 0, 91, 24) ..
INFO [/home/linuxbrew/.linuxbrew/share/lua/5.3/ltui/view.lua:215] <panel(window.body) [1, 1, 92, 25]>: refresh to necromancy(1, 1, 92, 25) ..
INFO [/home/linuxbrew/.linuxbrew/share/lua/5.3/ltui/program.lua:273] <panel(necromancy) [0, 0, 93, 26]>: refresh ..
INFO [/home/linuxbrew/.linuxbrew/share/lua/5.3/ltui/program.lua:479] cursor(<view(choicebox.value.13) [0, 12, 90, 13]>): (3, 15), 1
INFO [necromancy.lua:163] Recieved event: { nil = table: 0x93b270, nil = function: 0x918700, nil = 5, nil = function: 0x918520,}
INFO [necromancy.lua:163] Recieved event: { nil = table: 0x93b270, nil = function: 0x918700, nil = 5, nil = function: 0x918520,}
INFO [/home/linuxbrew/.linuxbrew/share/lua/5.3/ltui/event.lua:57] event(key): Down 258.0 ..
INFO [necromancy.lua:163] Recieved event: { nil = Down, nil = table: 0x93ad40, nil = false, nil = 258.0, nil = function: 0x918700, nil = 1, nil = function: 0x918520,}
DEBUG [configuration.lua:63] <Down> -> navigate_down
NOTICE [action.lua:87] emitting event: item selection down
INFO [/home/linuxbrew/.linuxbrew/share/lua/5.3/ltui/view.lua:462] <view(choicebox.value.13) [0, 12, 90, 13]>: mark as redraw
INFO [/home/linuxbrew/.linuxbrew/share/lua/5.3/ltui/view.lua:462] <view(choicebox.value.14) [0, 13, 90, 14]>: mark as redraw
INFO [/home/linuxbrew/.linuxbrew/share/lua/5.3/ltui/view.lua:184] <view(choicebox.value.13) [0, 12, 90, 13]>: draw (transparent: nil) ..
INFO [/home/linuxbrew/.linuxbrew/share/lua/5.3/ltui/view.lua:184] <view(choicebox.value.14) [0, 13, 90, 14]>: draw (transparent: nil) ..
INFO [/home/linuxbrew/.linuxbrew/share/lua/5.3/ltui/view.lua:215] <view(choicebox.value.13) [0, 12, 90, 13]>: refresh to necromancy.itembrowser(0, 12, 90, 13) ..
INFO [/home/linuxbrew/.linuxbrew/share/lua/5.3/ltui/view.lua:215] <view(choicebox.value.14) [0, 13, 90, 14]>: refresh to necromancy.itembrowser(0, 13, 90, 14) ..
INFO [/home/linuxbrew/.linuxbrew/share/lua/5.3/ltui/view.lua:215] <panel(necromancy.itembrowser) [1, 1, 91, 24]>: refresh to window.panel(1, 1, 89, 22) ..
INFO [/home/linuxbrew/.linuxbrew/share/lua/5.3/ltui/view.lua:215] <panel(window.panel) [1, 1, 90, 23]>: refresh to window.frame(1, 1, 90, 23) ..
INFO [/home/linuxbrew/.linuxbrew/share/lua/5.3/ltui/view.lua:215] <panel(window.frame) [0, 0, 91, 24]>: refresh to window.body(0, 0, 91, 24) ..
INFO [/home/linuxbrew/.linuxbrew/share/lua/5.3/ltui/view.lua:215] <panel(window.body) [1, 1, 92, 25]>: refresh to necromancy(1, 1, 92, 25) ..
INFO [/home/linuxbrew/.linuxbrew/share/lua/5.3/ltui/program.lua:273] <panel(necromancy) [0, 0, 93, 26]>: refresh ..
INFO [/home/linuxbrew/.linuxbrew/share/lua/5.3/ltui/program.lua:479] cursor(<view(choicebox.value.14) [0, 13, 90, 14]>): (3, 16), 1
INFO [necromancy.lua:163] Recieved event: { nil = table: 0x93b270, nil = function: 0x918700, nil = 5, nil = function: 0x918520,}
INFO [necromancy.lua:163] Recieved event: { nil = table: 0x93b270, nil = function: 0x918700, nil = 5, nil = function: 0x918520,}
INFO [necromancy.lua:163] Recieved event: { nil = table: 0x93b270, nil = function: 0x918700, nil = 5, nil = function: 0x918520,}
INFO [necromancy.lua:163] Recieved event: { nil = table: 0x93b270, nil = function: 0x918700, nil = 5, nil = function: 0x918520,}
INFO [necromancy.lua:163] Recieved event: { nil = table: 0x93b270, nil = function: 0x918700, nil = 5, nil = function: 0x918520,}
INFO [necromancy.lua:163] Recieved event: { nil = table: 0x93b270, nil = function: 0x918700, nil = 5, nil = function: 0x918520,}
INFO [necromancy.lua:163] Recieved event: { nil = table: 0x93b270, nil = function: 0x918700, nil = 5, nil = function: 0x918520,}
INFO [/home/linuxbrew/.linuxbrew/share/lua/5.3/ltui/event.lua:57] event(key): Down 258.0 ..
INFO [necromancy.lua:163] Recieved event: { nil = Down, nil = table: 0x93ad40, nil = false, nil = 258.0, nil = function: 0x918700, nil = 1, nil = function: 0x918520,}
DEBUG [configuration.lua:63] <Down> -> navigate_down
NOTICE [action.lua:87] emitting event: item selection down
INFO [/home/linuxbrew/.linuxbrew/share/lua/5.3/ltui/view.lua:462] <view(choicebox.value.14) [0, 13, 90, 14]>: mark as redraw
INFO [/home/linuxbrew/.linuxbrew/share/lua/5.3/ltui/view.lua:462] <view(choicebox.value.15) [0, 14, 90, 15]>: mark as redraw
INFO [/home/linuxbrew/.linuxbrew/share/lua/5.3/ltui/view.lua:184] <view(choicebox.value.14) [0, 13, 90, 14]>: draw (transparent: nil) ..
INFO [/home/linuxbrew/.linuxbrew/share/lua/5.3/ltui/view.lua:184] <view(choicebox.value.15) [0, 14, 90, 15]>: draw (transparent: nil) ..
INFO [/home/linuxbrew/.linuxbrew/share/lua/5.3/ltui/view.lua:215] <view(choicebox.value.14) [0, 13, 90, 14]>: refresh to necromancy.itembrowser(0, 13, 90, 14) ..
INFO [/home/linuxbrew/.linuxbrew/share/lua/5.3/ltui/view.lua:215] <view(choicebox.value.15) [0, 14, 90, 15]>: refresh to necromancy.itembrowser(0, 14, 90, 15) ..
INFO [/home/linuxbrew/.linuxbrew/share/lua/5.3/ltui/view.lua:215] <panel(necromancy.itembrowser) [1, 1, 91, 24]>: refresh to window.panel(1, 1, 89, 22) ..
INFO [/home/linuxbrew/.linuxbrew/share/lua/5.3/ltui/view.lua:215] <panel(window.panel) [1, 1, 90, 23]>: refresh to window.frame(1, 1, 90, 23) ..
INFO [/home/linuxbrew/.linuxbrew/share/lua/5.3/ltui/view.lua:215] <panel(window.frame) [0, 0, 91, 24]>: refresh to window.body(0, 0, 91, 24) ..
INFO [/home/linuxbrew/.linuxbrew/share/lua/5.3/ltui/view.lua:215] <panel(window.body) [1, 1, 92, 25]>: refresh to necromancy(1, 1, 92, 25) ..
INFO [/home/linuxbrew/.linuxbrew/share/lua/5.3/ltui/program.lua:273] <panel(necromancy) [0, 0, 93, 26]>: refresh ..
INFO [/home/linuxbrew/.linuxbrew/share/lua/5.3/ltui/program.lua:479] cursor(<view(choicebox.value.15) [0, 14, 90, 15]>): (3, 17), 1
INFO [necromancy.lua:163] Recieved event: { nil = table: 0x93b270, nil = function: 0x918700, nil = 5, nil = function: 0x918520,}
INFO [necromancy.lua:163] Recieved event: { nil = table: 0x93b270, nil = function: 0x918700, nil = 5, nil = function: 0x918520,}
INFO [necromancy.lua:163] Recieved event: { nil = table: 0x93b270, nil = function: 0x918700, nil = 5, nil = function: 0x918520,}
INFO [necromancy.lua:163] Recieved event: { nil = table: 0x93b270, nil = function: 0x918700, nil = 5, nil = function: 0x918520,}
INFO [necromancy.lua:163] Recieved event: { nil = table: 0x93b270, nil = function: 0x918700, nil = 5, nil = function: 0x918520,}
INFO [/home/linuxbrew/.linuxbrew/share/lua/5.3/ltui/event.lua:57] event(key): Down 258.0 ..
INFO [necromancy.lua:163] Recieved event: { nil = Down, nil = table: 0x93ad40, nil = false, nil = 258.0, nil = function: 0x918700, nil = 1, nil = function: 0x918520,}
DEBUG [configuration.lua:63] <Down> -> navigate_down
NOTICE [action.lua:87] emitting event: item selection down
INFO [/home/linuxbrew/.linuxbrew/share/lua/5.3/ltui/view.lua:462] <view(choicebox.value.15) [0, 14, 90, 15]>: mark as redraw
INFO [/home/linuxbrew/.linuxbrew/share/lua/5.3/ltui/view.lua:462] <view(choicebox.value.16) [0, 15, 90, 16]>: mark as redraw
INFO [/home/linuxbrew/.linuxbrew/share/lua/5.3/ltui/view.lua:184] <view(choicebox.value.15) [0, 14, 90, 15]>: draw (transparent: nil) ..
INFO [/home/linuxbrew/.linuxbrew/share/lua/5.3/ltui/view.lua:184] <view(choicebox.value.16) [0, 15, 90, 16]>: draw (transparent: nil) ..
INFO [/home/linuxbrew/.linuxbrew/share/lua/5.3/ltui/view.lua:215] <view(choicebox.value.15) [0, 14, 90, 15]>: refresh to necromancy.itembrowser(0, 14, 90, 15) ..
INFO [/home/linuxbrew/.linuxbrew/share/lua/5.3/ltui/view.lua:215] <view(choicebox.value.16) [0, 15, 90, 16]>: refresh to necromancy.itembrowser(0, 15, 90, 16) ..
INFO [/home/linuxbrew/.linuxbrew/share/lua/5.3/ltui/view.lua:215] <panel(necromancy.itembrowser) [1, 1, 91, 24]>: refresh to window.panel(1, 1, 89, 22) ..
INFO [/home/linuxbrew/.linuxbrew/share/lua/5.3/ltui/view.lua:215] <panel(window.panel) [1, 1, 90, 23]>: refresh to window.frame(1, 1, 90, 23) ..
INFO [/home/linuxbrew/.linuxbrew/share/lua/5.3/ltui/view.lua:215] <panel(window.frame) [0, 0, 91, 24]>: refresh to window.body(0, 0, 91, 24) ..
INFO [/home/linuxbrew/.linuxbrew/share/lua/5.3/ltui/view.lua:215] <panel(window.body) [1, 1, 92, 25]>: refresh to necromancy(1, 1, 92, 25) ..
INFO [/home/linuxbrew/.linuxbrew/share/lua/5.3/ltui/program.lua:273] <panel(necromancy) [0, 0, 93, 26]>: refresh ..
INFO [/home/linuxbrew/.linuxbrew/share/lua/5.3/ltui/program.lua:479] cursor(<view(choicebox.value.16) [0, 15, 90, 16]>): (3, 18), 1
INFO [necromancy.lua:163] Recieved event: { nil = table: 0x93b270, nil = function: 0x918700, nil = 5, nil = function: 0x918520,}
INFO [necromancy.lua:163] Recieved event: { nil = table: 0x93b270, nil = function: 0x918700, nil = 5, nil = function: 0x918520,}
INFO [necromancy.lua:163] Recieved event: { nil = table: 0x93b270, nil = function: 0x918700, nil = 5, nil = function: 0x918520,}
INFO [necromancy.lua:163] Recieved event: { nil = table: 0x93b270, nil = function: 0x918700, nil = 5, nil = function: 0x918520,}
INFO [necromancy.lua:163] Recieved event: { nil = table: 0x93b270, nil = function: 0x918700, nil = 5, nil = function: 0x918520,}
INFO [necromancy.lua:163] Recieved event: { nil = table: 0x93b270, nil = function: 0x918700, nil = 5, nil = function: 0x918520,}
INFO [necromancy.lua:163] Recieved event: { nil = table: 0x93b270, nil = function: 0x918700, nil = 5, nil = function: 0x918520,}
INFO [necromancy.lua:163] Recieved event: { nil = table: 0x93b270, nil = function: 0x918700, nil = 5, nil = function: 0x918520,}
INFO [necromancy.lua:163] Recieved event: { nil = table: 0x93b270, nil = function: 0x918700, nil = 5, nil = function: 0x918520,}
INFO [necromancy.lua:163] Recieved event: { nil = table: 0x93b270, nil = function: 0x918700, nil = 5, nil = function: 0x918520,}
INFO [necromancy.lua:163] Recieved event: { nil = table: 0x93b270, nil = function: 0x918700, nil = 5, nil = function: 0x918520,}
INFO [necromancy.lua:163] Recieved event: { nil = table: 0x93b270, nil = function: 0x918700, nil = 5, nil = function: 0x918520,}
INFO [necromancy.lua:163] Recieved event: { nil = table: 0x93b270, nil = function: 0x918700, nil = 5, nil = function: 0x918520,}
INFO [necromancy.lua:163] Recieved event: { nil = table: 0x93b270, nil = function: 0x918700, nil = 5, nil = function: 0x918520,}
INFO [necromancy.lua:163] Recieved event: { nil = table: 0x93b270, nil = function: 0x918700, nil = 5, nil = function: 0x918520,}
INFO [necromancy.lua:163] Recieved event: { nil = table: 0x93b270, nil = function: 0x918700, nil = 5, nil = function: 0x918520,}
INFO [/home/linuxbrew/.linuxbrew/share/lua/5.3/ltui/event.lua:57] event(key): CtrlQ 17.0 ..
INFO [necromancy.lua:163] Recieved event: { nil = CtrlQ, nil = table: 0x93ad40, nil = false, nil = 17.0, nil = function: 0x918700, nil = 1, nil = function: 0x918520,}
DEBUG [configuration.lua:63] <CtrlQ> -> quit
NOTICE [action.lua:81] emitting event: quit
INFO [necromancy.lua:177] Exiting...
